[2025-11-06T00:06:02.699+0000] {processor.py:186} INFO - Started process (PID=94183) to work on /opt/airflow/dags/homework6_etl.py
[2025-11-06T00:06:02.700+0000] {processor.py:914} INFO - Processing file /opt/airflow/dags/homework6_etl.py for tasks to queue
[2025-11-06T00:06:02.700+0000] {logging_mixin.py:190} INFO - [2025-11-06T00:06:02.700+0000] {dagbag.py:587} INFO - Filling up the DagBag from /opt/airflow/dags/homework6_etl.py
[2025-11-06T00:06:02.712+0000] {logging_mixin.py:190} INFO - [2025-11-06T00:06:02.712+0000] {base.py:84} INFO - Retrieving connection 'snowflake_conn'
[2025-11-06T00:06:02.713+0000] {logging_mixin.py:190} INFO - [2025-11-06T00:06:02.713+0000] {connection.py:413} INFO - Snowflake Connector for Python Version: 3.12.1, Python Version: 3.12.5, Platform: Linux-6.10.14-linuxkit-aarch64-with-glibc2.36
[2025-11-06T00:06:02.713+0000] {logging_mixin.py:190} INFO - [2025-11-06T00:06:02.713+0000] {connection.py:1196} INFO - Connecting to GLOBAL Snowflake domain
[2025-11-06T00:06:02.714+0000] {logging_mixin.py:190} INFO - [2025-11-06T00:06:02.713+0000] {connection.py:1277} INFO - This connection is in OCSP Fail Open Mode. TLS Certificates would be checked for validity and revocation status. Any other Certificate Revocation related exceptions or OCSP Responder failures would be disregarded in favor of connectivity.
[2025-11-06T00:12:53.729+0000] {processor.py:186} INFO - Started process (PID=94238) to work on /opt/airflow/dags/homework6_etl.py
[2025-11-06T00:12:53.730+0000] {processor.py:914} INFO - Processing file /opt/airflow/dags/homework6_etl.py for tasks to queue
[2025-11-06T00:12:53.731+0000] {logging_mixin.py:190} INFO - [2025-11-06T00:12:53.730+0000] {dagbag.py:587} INFO - Filling up the DagBag from /opt/airflow/dags/homework6_etl.py
[2025-11-06T00:12:53.752+0000] {logging_mixin.py:190} INFO - [2025-11-06T00:12:53.752+0000] {base.py:84} INFO - Retrieving connection 'snowflake_conn'
[2025-11-06T00:12:53.753+0000] {logging_mixin.py:190} INFO - [2025-11-06T00:12:53.753+0000] {connection.py:413} INFO - Snowflake Connector for Python Version: 3.12.1, Python Version: 3.12.5, Platform: Linux-6.10.14-linuxkit-aarch64-with-glibc2.36
[2025-11-06T00:12:53.753+0000] {logging_mixin.py:190} INFO - [2025-11-06T00:12:53.753+0000] {connection.py:1196} INFO - Connecting to GLOBAL Snowflake domain
[2025-11-06T00:12:53.754+0000] {logging_mixin.py:190} INFO - [2025-11-06T00:12:53.754+0000] {connection.py:1277} INFO - This connection is in OCSP Fail Open Mode. TLS Certificates would be checked for validity and revocation status. Any other Certificate Revocation related exceptions or OCSP Responder failures would be disregarded in favor of connectivity.
[2025-11-06T00:12:54.218+0000] {processor.py:925} INFO - DAG(s) 'ETL_DAG' retrieved from /opt/airflow/dags/homework6_etl.py
[2025-11-06T00:12:54.256+0000] {logging_mixin.py:190} INFO - [2025-11-06T00:12:54.256+0000] {dag.py:3229} INFO - Sync 1 DAGs
[2025-11-06T00:12:54.263+0000] {logging_mixin.py:190} INFO - [2025-11-06T00:12:54.262+0000] {dag.py:4156} INFO - Setting next_dagrun for ETL_DAG to 2025-11-05 02:45:00+00:00, run_after=2025-11-06 02:45:00+00:00
[2025-11-06T00:12:54.268+0000] {processor.py:208} INFO - Processing /opt/airflow/dags/homework6_etl.py took 0.545 seconds
[2025-11-06T00:31:35.396+0000] {processor.py:186} INFO - Started process (PID=94269) to work on /opt/airflow/dags/homework6_etl.py
[2025-11-06T00:31:35.397+0000] {processor.py:914} INFO - Processing file /opt/airflow/dags/homework6_etl.py for tasks to queue
[2025-11-06T00:31:35.398+0000] {logging_mixin.py:190} INFO - [2025-11-06T00:31:35.398+0000] {dagbag.py:587} INFO - Filling up the DagBag from /opt/airflow/dags/homework6_etl.py
[2025-11-06T00:31:35.418+0000] {logging_mixin.py:190} INFO - [2025-11-06T00:31:35.418+0000] {base.py:84} INFO - Retrieving connection 'snowflake_conn'
[2025-11-06T00:31:35.419+0000] {logging_mixin.py:190} INFO - [2025-11-06T00:31:35.419+0000] {connection.py:413} INFO - Snowflake Connector for Python Version: 3.12.1, Python Version: 3.12.5, Platform: Linux-6.10.14-linuxkit-aarch64-with-glibc2.36
[2025-11-06T00:31:35.421+0000] {logging_mixin.py:190} INFO - [2025-11-06T00:31:35.421+0000] {connection.py:1196} INFO - Connecting to GLOBAL Snowflake domain
[2025-11-06T00:31:35.424+0000] {logging_mixin.py:190} INFO - [2025-11-06T00:31:35.424+0000] {connection.py:1277} INFO - This connection is in OCSP Fail Open Mode. TLS Certificates would be checked for validity and revocation status. Any other Certificate Revocation related exceptions or OCSP Responder failures would be disregarded in favor of connectivity.
[2025-11-06T00:31:35.864+0000] {processor.py:925} INFO - DAG(s) 'ETL_DAG' retrieved from /opt/airflow/dags/homework6_etl.py
[2025-11-06T00:31:35.908+0000] {logging_mixin.py:190} INFO - [2025-11-06T00:31:35.908+0000] {dag.py:3229} INFO - Sync 1 DAGs
[2025-11-06T00:31:35.916+0000] {logging_mixin.py:190} INFO - [2025-11-06T00:31:35.915+0000] {dag.py:4156} INFO - Setting next_dagrun for ETL_DAG to 2025-11-05 02:45:00+00:00, run_after=2025-11-06 02:45:00+00:00
[2025-11-06T00:31:35.921+0000] {processor.py:208} INFO - Processing /opt/airflow/dags/homework6_etl.py took 0.531 seconds
[2025-11-06T00:32:06.564+0000] {processor.py:186} INFO - Started process (PID=94305) to work on /opt/airflow/dags/homework6_etl.py
[2025-11-06T00:32:06.565+0000] {processor.py:914} INFO - Processing file /opt/airflow/dags/homework6_etl.py for tasks to queue
[2025-11-06T00:32:06.566+0000] {logging_mixin.py:190} INFO - [2025-11-06T00:32:06.566+0000] {dagbag.py:587} INFO - Filling up the DagBag from /opt/airflow/dags/homework6_etl.py
[2025-11-06T00:32:06.581+0000] {logging_mixin.py:190} INFO - [2025-11-06T00:32:06.581+0000] {base.py:84} INFO - Retrieving connection 'snowflake_conn'
[2025-11-06T00:32:06.582+0000] {logging_mixin.py:190} INFO - [2025-11-06T00:32:06.582+0000] {connection.py:413} INFO - Snowflake Connector for Python Version: 3.12.1, Python Version: 3.12.5, Platform: Linux-6.10.14-linuxkit-aarch64-with-glibc2.36
[2025-11-06T00:32:06.583+0000] {logging_mixin.py:190} INFO - [2025-11-06T00:32:06.583+0000] {connection.py:1196} INFO - Connecting to GLOBAL Snowflake domain
[2025-11-06T00:32:06.584+0000] {logging_mixin.py:190} INFO - [2025-11-06T00:32:06.584+0000] {connection.py:1277} INFO - This connection is in OCSP Fail Open Mode. TLS Certificates would be checked for validity and revocation status. Any other Certificate Revocation related exceptions or OCSP Responder failures would be disregarded in favor of connectivity.
[2025-11-06T00:32:06.934+0000] {processor.py:925} INFO - DAG(s) 'ETL_DAG' retrieved from /opt/airflow/dags/homework6_etl.py
[2025-11-06T00:32:06.969+0000] {logging_mixin.py:190} INFO - [2025-11-06T00:32:06.969+0000] {dag.py:3229} INFO - Sync 1 DAGs
[2025-11-06T00:32:06.975+0000] {logging_mixin.py:190} INFO - [2025-11-06T00:32:06.975+0000] {dag.py:4156} INFO - Setting next_dagrun for ETL_DAG to 2025-11-05 02:45:00+00:00, run_after=2025-11-06 02:45:00+00:00
[2025-11-06T00:32:06.980+0000] {processor.py:208} INFO - Processing /opt/airflow/dags/homework6_etl.py took 0.422 seconds
[2025-11-06T00:39:14.201+0000] {processor.py:186} INFO - Started process (PID=94331) to work on /opt/airflow/dags/homework6_etl.py
[2025-11-06T00:39:14.202+0000] {processor.py:914} INFO - Processing file /opt/airflow/dags/homework6_etl.py for tasks to queue
[2025-11-06T00:39:14.202+0000] {logging_mixin.py:190} INFO - [2025-11-06T00:39:14.202+0000] {dagbag.py:587} INFO - Filling up the DagBag from /opt/airflow/dags/homework6_etl.py
[2025-11-06T00:39:14.215+0000] {logging_mixin.py:190} INFO - [2025-11-06T00:39:14.215+0000] {base.py:84} INFO - Retrieving connection 'snowflake_conn'
[2025-11-06T00:39:14.216+0000] {logging_mixin.py:190} INFO - [2025-11-06T00:39:14.215+0000] {connection.py:413} INFO - Snowflake Connector for Python Version: 3.12.1, Python Version: 3.12.5, Platform: Linux-6.10.14-linuxkit-aarch64-with-glibc2.36
[2025-11-06T00:39:14.216+0000] {logging_mixin.py:190} INFO - [2025-11-06T00:39:14.216+0000] {connection.py:1196} INFO - Connecting to GLOBAL Snowflake domain
[2025-11-06T00:39:14.216+0000] {logging_mixin.py:190} INFO - [2025-11-06T00:39:14.216+0000] {connection.py:1277} INFO - This connection is in OCSP Fail Open Mode. TLS Certificates would be checked for validity and revocation status. Any other Certificate Revocation related exceptions or OCSP Responder failures would be disregarded in favor of connectivity.
[2025-11-06T00:39:14.635+0000] {processor.py:925} INFO - DAG(s) 'ETL_DAG' retrieved from /opt/airflow/dags/homework6_etl.py
[2025-11-06T00:39:14.675+0000] {logging_mixin.py:190} INFO - [2025-11-06T00:39:14.675+0000] {dag.py:3229} INFO - Sync 1 DAGs
[2025-11-06T00:39:14.682+0000] {logging_mixin.py:190} INFO - [2025-11-06T00:39:14.682+0000] {dag.py:4156} INFO - Setting next_dagrun for ETL_DAG to 2025-11-05 02:45:00+00:00, run_after=2025-11-06 02:45:00+00:00
[2025-11-06T00:39:14.688+0000] {processor.py:208} INFO - Processing /opt/airflow/dags/homework6_etl.py took 0.492 seconds
[2025-11-06T00:43:28.721+0000] {processor.py:186} INFO - Started process (PID=94362) to work on /opt/airflow/dags/homework6_etl.py
[2025-11-06T00:43:28.722+0000] {processor.py:914} INFO - Processing file /opt/airflow/dags/homework6_etl.py for tasks to queue
[2025-11-06T00:43:28.724+0000] {logging_mixin.py:190} INFO - [2025-11-06T00:43:28.723+0000] {dagbag.py:587} INFO - Filling up the DagBag from /opt/airflow/dags/homework6_etl.py
[2025-11-06T00:43:28.742+0000] {logging_mixin.py:190} INFO - [2025-11-06T00:43:28.742+0000] {base.py:84} INFO - Retrieving connection 'snowflake_conn'
[2025-11-06T00:43:28.743+0000] {logging_mixin.py:190} INFO - [2025-11-06T00:43:28.743+0000] {connection.py:413} INFO - Snowflake Connector for Python Version: 3.12.1, Python Version: 3.12.5, Platform: Linux-6.10.14-linuxkit-aarch64-with-glibc2.36
[2025-11-06T00:43:28.743+0000] {logging_mixin.py:190} INFO - [2025-11-06T00:43:28.743+0000] {connection.py:1196} INFO - Connecting to GLOBAL Snowflake domain
[2025-11-06T00:43:28.744+0000] {logging_mixin.py:190} INFO - [2025-11-06T00:43:28.744+0000] {connection.py:1277} INFO - This connection is in OCSP Fail Open Mode. TLS Certificates would be checked for validity and revocation status. Any other Certificate Revocation related exceptions or OCSP Responder failures would be disregarded in favor of connectivity.
[2025-11-06T00:43:29.127+0000] {processor.py:925} INFO - DAG(s) 'ETL_DAG' retrieved from /opt/airflow/dags/homework6_etl.py
[2025-11-06T00:43:29.162+0000] {logging_mixin.py:190} INFO - [2025-11-06T00:43:29.162+0000] {dag.py:3229} INFO - Sync 1 DAGs
[2025-11-06T00:43:29.169+0000] {logging_mixin.py:190} INFO - [2025-11-06T00:43:29.169+0000] {dag.py:4156} INFO - Setting next_dagrun for ETL_DAG to 2025-11-05 02:45:00+00:00, run_after=2025-11-06 02:45:00+00:00
[2025-11-06T00:43:29.175+0000] {processor.py:208} INFO - Processing /opt/airflow/dags/homework6_etl.py took 0.461 seconds
[2025-11-06T00:45:28.457+0000] {processor.py:186} INFO - Started process (PID=94393) to work on /opt/airflow/dags/homework6_etl.py
[2025-11-06T00:45:28.458+0000] {processor.py:914} INFO - Processing file /opt/airflow/dags/homework6_etl.py for tasks to queue
[2025-11-06T00:45:28.459+0000] {logging_mixin.py:190} INFO - [2025-11-06T00:45:28.458+0000] {dagbag.py:587} INFO - Filling up the DagBag from /opt/airflow/dags/homework6_etl.py
[2025-11-06T00:45:28.478+0000] {logging_mixin.py:190} INFO - [2025-11-06T00:45:28.478+0000] {base.py:84} INFO - Retrieving connection 'snowflake_conn'
[2025-11-06T00:45:28.479+0000] {logging_mixin.py:190} INFO - [2025-11-06T00:45:28.479+0000] {connection.py:413} INFO - Snowflake Connector for Python Version: 3.12.1, Python Version: 3.12.5, Platform: Linux-6.10.14-linuxkit-aarch64-with-glibc2.36
[2025-11-06T00:45:28.480+0000] {logging_mixin.py:190} INFO - [2025-11-06T00:45:28.480+0000] {connection.py:1196} INFO - Connecting to GLOBAL Snowflake domain
[2025-11-06T00:45:28.481+0000] {logging_mixin.py:190} INFO - [2025-11-06T00:45:28.481+0000] {connection.py:1277} INFO - This connection is in OCSP Fail Open Mode. TLS Certificates would be checked for validity and revocation status. Any other Certificate Revocation related exceptions or OCSP Responder failures would be disregarded in favor of connectivity.
[2025-11-06T00:45:28.845+0000] {processor.py:925} INFO - DAG(s) 'ETL_DAG' retrieved from /opt/airflow/dags/homework6_etl.py
[2025-11-06T00:45:28.881+0000] {logging_mixin.py:190} INFO - [2025-11-06T00:45:28.881+0000] {dag.py:3229} INFO - Sync 1 DAGs
[2025-11-06T00:45:28.888+0000] {logging_mixin.py:190} INFO - [2025-11-06T00:45:28.888+0000] {dag.py:4156} INFO - Setting next_dagrun for ETL_DAG to 2025-11-05 02:45:00+00:00, run_after=2025-11-06 02:45:00+00:00
[2025-11-06T00:45:28.893+0000] {processor.py:208} INFO - Processing /opt/airflow/dags/homework6_etl.py took 0.442 seconds
[2025-11-06T00:55:19.615+0000] {processor.py:186} INFO - Started process (PID=94424) to work on /opt/airflow/dags/homework6_etl.py
[2025-11-06T00:55:19.616+0000] {processor.py:914} INFO - Processing file /opt/airflow/dags/homework6_etl.py for tasks to queue
[2025-11-06T00:55:19.617+0000] {logging_mixin.py:190} INFO - [2025-11-06T00:55:19.617+0000] {dagbag.py:587} INFO - Filling up the DagBag from /opt/airflow/dags/homework6_etl.py
[2025-11-06T00:55:19.629+0000] {logging_mixin.py:190} INFO - [2025-11-06T00:55:19.629+0000] {base.py:84} INFO - Retrieving connection 'snowflake_conn'
[2025-11-06T00:55:19.630+0000] {logging_mixin.py:190} INFO - [2025-11-06T00:55:19.630+0000] {connection.py:413} INFO - Snowflake Connector for Python Version: 3.12.1, Python Version: 3.12.5, Platform: Linux-6.10.14-linuxkit-aarch64-with-glibc2.36
[2025-11-06T00:55:19.630+0000] {logging_mixin.py:190} INFO - [2025-11-06T00:55:19.630+0000] {connection.py:1196} INFO - Connecting to GLOBAL Snowflake domain
[2025-11-06T00:55:19.630+0000] {logging_mixin.py:190} INFO - [2025-11-06T00:55:19.630+0000] {connection.py:1277} INFO - This connection is in OCSP Fail Open Mode. TLS Certificates would be checked for validity and revocation status. Any other Certificate Revocation related exceptions or OCSP Responder failures would be disregarded in favor of connectivity.
[2025-11-06T00:55:20.071+0000] {processor.py:925} INFO - DAG(s) 'ETL_DAG' retrieved from /opt/airflow/dags/homework6_etl.py
[2025-11-06T00:55:20.111+0000] {logging_mixin.py:190} INFO - [2025-11-06T00:55:20.111+0000] {dag.py:3229} INFO - Sync 1 DAGs
[2025-11-06T00:55:20.118+0000] {logging_mixin.py:190} INFO - [2025-11-06T00:55:20.118+0000] {dag.py:4156} INFO - Setting next_dagrun for ETL_DAG to 2025-11-05 02:45:00+00:00, run_after=2025-11-06 02:45:00+00:00
[2025-11-06T00:55:20.123+0000] {processor.py:208} INFO - Processing /opt/airflow/dags/homework6_etl.py took 0.514 seconds
[2025-11-06T01:04:47.293+0000] {processor.py:186} INFO - Started process (PID=94455) to work on /opt/airflow/dags/homework6_etl.py
[2025-11-06T01:04:47.294+0000] {processor.py:914} INFO - Processing file /opt/airflow/dags/homework6_etl.py for tasks to queue
[2025-11-06T01:04:47.294+0000] {logging_mixin.py:190} INFO - [2025-11-06T01:04:47.294+0000] {dagbag.py:587} INFO - Filling up the DagBag from /opt/airflow/dags/homework6_etl.py
[2025-11-06T01:04:47.312+0000] {logging_mixin.py:190} INFO - [2025-11-06T01:04:47.311+0000] {base.py:84} INFO - Retrieving connection 'snowflake_conn'
[2025-11-06T01:04:47.313+0000] {logging_mixin.py:190} INFO - [2025-11-06T01:04:47.313+0000] {connection.py:413} INFO - Snowflake Connector for Python Version: 3.12.1, Python Version: 3.12.5, Platform: Linux-6.10.14-linuxkit-aarch64-with-glibc2.36
[2025-11-06T01:04:47.314+0000] {logging_mixin.py:190} INFO - [2025-11-06T01:04:47.314+0000] {connection.py:1196} INFO - Connecting to GLOBAL Snowflake domain
[2025-11-06T01:04:47.317+0000] {logging_mixin.py:190} INFO - [2025-11-06T01:04:47.317+0000] {connection.py:1277} INFO - This connection is in OCSP Fail Open Mode. TLS Certificates would be checked for validity and revocation status. Any other Certificate Revocation related exceptions or OCSP Responder failures would be disregarded in favor of connectivity.
[2025-11-06T01:04:47.769+0000] {processor.py:925} INFO - DAG(s) 'ETL_DAG' retrieved from /opt/airflow/dags/homework6_etl.py
[2025-11-06T01:04:47.812+0000] {logging_mixin.py:190} INFO - [2025-11-06T01:04:47.812+0000] {dag.py:3229} INFO - Sync 1 DAGs
[2025-11-06T01:04:47.820+0000] {logging_mixin.py:190} INFO - [2025-11-06T01:04:47.820+0000] {dag.py:4156} INFO - Setting next_dagrun for ETL_DAG to 2025-11-05 02:45:00+00:00, run_after=2025-11-06 02:45:00+00:00
[2025-11-06T01:04:47.825+0000] {processor.py:208} INFO - Processing /opt/airflow/dags/homework6_etl.py took 0.538 seconds
[2025-11-06T01:16:44.113+0000] {processor.py:186} INFO - Started process (PID=94486) to work on /opt/airflow/dags/homework6_etl.py
[2025-11-06T01:16:44.114+0000] {processor.py:914} INFO - Processing file /opt/airflow/dags/homework6_etl.py for tasks to queue
[2025-11-06T01:16:44.114+0000] {logging_mixin.py:190} INFO - [2025-11-06T01:16:44.114+0000] {dagbag.py:587} INFO - Filling up the DagBag from /opt/airflow/dags/homework6_etl.py
[2025-11-06T01:16:44.130+0000] {logging_mixin.py:190} INFO - [2025-11-06T01:16:44.130+0000] {base.py:84} INFO - Retrieving connection 'snowflake_conn'
[2025-11-06T01:16:44.131+0000] {logging_mixin.py:190} INFO - [2025-11-06T01:16:44.130+0000] {connection.py:413} INFO - Snowflake Connector for Python Version: 3.12.1, Python Version: 3.12.5, Platform: Linux-6.10.14-linuxkit-aarch64-with-glibc2.36
[2025-11-06T01:16:44.131+0000] {logging_mixin.py:190} INFO - [2025-11-06T01:16:44.131+0000] {connection.py:1196} INFO - Connecting to GLOBAL Snowflake domain
[2025-11-06T01:16:44.131+0000] {logging_mixin.py:190} INFO - [2025-11-06T01:16:44.131+0000] {connection.py:1277} INFO - This connection is in OCSP Fail Open Mode. TLS Certificates would be checked for validity and revocation status. Any other Certificate Revocation related exceptions or OCSP Responder failures would be disregarded in favor of connectivity.
[2025-11-06T01:16:44.508+0000] {processor.py:925} INFO - DAG(s) 'ETL_DAG' retrieved from /opt/airflow/dags/homework6_etl.py
[2025-11-06T01:16:44.540+0000] {logging_mixin.py:190} INFO - [2025-11-06T01:16:44.540+0000] {dag.py:3229} INFO - Sync 1 DAGs
[2025-11-06T01:16:44.547+0000] {logging_mixin.py:190} INFO - [2025-11-06T01:16:44.547+0000] {dag.py:4156} INFO - Setting next_dagrun for ETL_DAG to 2025-11-05 02:45:00+00:00, run_after=2025-11-06 02:45:00+00:00
[2025-11-06T01:16:44.552+0000] {processor.py:208} INFO - Processing /opt/airflow/dags/homework6_etl.py took 0.444 seconds
[2025-11-06T01:24:16.616+0000] {processor.py:186} INFO - Started process (PID=94517) to work on /opt/airflow/dags/homework6_etl.py
[2025-11-06T01:24:16.617+0000] {processor.py:914} INFO - Processing file /opt/airflow/dags/homework6_etl.py for tasks to queue
[2025-11-06T01:24:16.618+0000] {logging_mixin.py:190} INFO - [2025-11-06T01:24:16.618+0000] {dagbag.py:587} INFO - Filling up the DagBag from /opt/airflow/dags/homework6_etl.py
[2025-11-06T01:24:16.638+0000] {logging_mixin.py:190} INFO - [2025-11-06T01:24:16.638+0000] {base.py:84} INFO - Retrieving connection 'snowflake_conn'
[2025-11-06T01:24:16.642+0000] {logging_mixin.py:190} INFO - [2025-11-06T01:24:16.642+0000] {connection.py:413} INFO - Snowflake Connector for Python Version: 3.12.1, Python Version: 3.12.5, Platform: Linux-6.10.14-linuxkit-aarch64-with-glibc2.36
[2025-11-06T01:24:16.645+0000] {logging_mixin.py:190} INFO - [2025-11-06T01:24:16.645+0000] {connection.py:1196} INFO - Connecting to GLOBAL Snowflake domain
[2025-11-06T01:24:16.645+0000] {logging_mixin.py:190} INFO - [2025-11-06T01:24:16.645+0000] {connection.py:1277} INFO - This connection is in OCSP Fail Open Mode. TLS Certificates would be checked for validity and revocation status. Any other Certificate Revocation related exceptions or OCSP Responder failures would be disregarded in favor of connectivity.
[2025-11-06T01:24:17.020+0000] {processor.py:925} INFO - DAG(s) 'ETL_DAG' retrieved from /opt/airflow/dags/homework6_etl.py
[2025-11-06T01:24:17.057+0000] {logging_mixin.py:190} INFO - [2025-11-06T01:24:17.056+0000] {dag.py:3229} INFO - Sync 1 DAGs
[2025-11-06T01:24:17.063+0000] {logging_mixin.py:190} INFO - [2025-11-06T01:24:17.063+0000] {dag.py:4156} INFO - Setting next_dagrun for ETL_DAG to 2025-11-05 02:45:00+00:00, run_after=2025-11-06 02:45:00+00:00
[2025-11-06T01:24:17.068+0000] {processor.py:208} INFO - Processing /opt/airflow/dags/homework6_etl.py took 0.458 seconds
[2025-11-06T01:28:53.772+0000] {processor.py:186} INFO - Started process (PID=94548) to work on /opt/airflow/dags/homework6_etl.py
[2025-11-06T01:28:53.773+0000] {processor.py:914} INFO - Processing file /opt/airflow/dags/homework6_etl.py for tasks to queue
[2025-11-06T01:28:53.774+0000] {logging_mixin.py:190} INFO - [2025-11-06T01:28:53.774+0000] {dagbag.py:587} INFO - Filling up the DagBag from /opt/airflow/dags/homework6_etl.py
[2025-11-06T01:28:53.792+0000] {logging_mixin.py:190} INFO - [2025-11-06T01:28:53.792+0000] {base.py:84} INFO - Retrieving connection 'snowflake_conn'
[2025-11-06T01:28:53.796+0000] {logging_mixin.py:190} INFO - [2025-11-06T01:28:53.796+0000] {connection.py:413} INFO - Snowflake Connector for Python Version: 3.12.1, Python Version: 3.12.5, Platform: Linux-6.10.14-linuxkit-aarch64-with-glibc2.36
[2025-11-06T01:28:53.797+0000] {logging_mixin.py:190} INFO - [2025-11-06T01:28:53.797+0000] {connection.py:1196} INFO - Connecting to GLOBAL Snowflake domain
[2025-11-06T01:28:53.797+0000] {logging_mixin.py:190} INFO - [2025-11-06T01:28:53.797+0000] {connection.py:1277} INFO - This connection is in OCSP Fail Open Mode. TLS Certificates would be checked for validity and revocation status. Any other Certificate Revocation related exceptions or OCSP Responder failures would be disregarded in favor of connectivity.
[2025-11-06T01:28:54.392+0000] {processor.py:925} INFO - DAG(s) 'ETL_DAG' retrieved from /opt/airflow/dags/homework6_etl.py
[2025-11-06T01:28:54.441+0000] {logging_mixin.py:190} INFO - [2025-11-06T01:28:54.441+0000] {dag.py:3229} INFO - Sync 1 DAGs
[2025-11-06T01:28:54.449+0000] {logging_mixin.py:190} INFO - [2025-11-06T01:28:54.449+0000] {dag.py:4156} INFO - Setting next_dagrun for ETL_DAG to 2025-11-05 02:45:00+00:00, run_after=2025-11-06 02:45:00+00:00
[2025-11-06T01:28:54.454+0000] {processor.py:208} INFO - Processing /opt/airflow/dags/homework6_etl.py took 0.689 seconds
[2025-11-06T01:36:15.883+0000] {processor.py:186} INFO - Started process (PID=94579) to work on /opt/airflow/dags/homework6_etl.py
[2025-11-06T01:36:15.884+0000] {processor.py:914} INFO - Processing file /opt/airflow/dags/homework6_etl.py for tasks to queue
[2025-11-06T01:36:15.885+0000] {logging_mixin.py:190} INFO - [2025-11-06T01:36:15.885+0000] {dagbag.py:587} INFO - Filling up the DagBag from /opt/airflow/dags/homework6_etl.py
[2025-11-06T01:36:15.898+0000] {logging_mixin.py:190} INFO - [2025-11-06T01:36:15.898+0000] {base.py:84} INFO - Retrieving connection 'snowflake_conn'
[2025-11-06T01:36:15.898+0000] {logging_mixin.py:190} INFO - [2025-11-06T01:36:15.898+0000] {connection.py:413} INFO - Snowflake Connector for Python Version: 3.12.1, Python Version: 3.12.5, Platform: Linux-6.10.14-linuxkit-aarch64-with-glibc2.36
[2025-11-06T01:36:15.902+0000] {logging_mixin.py:190} INFO - [2025-11-06T01:36:15.902+0000] {connection.py:1196} INFO - Connecting to GLOBAL Snowflake domain
[2025-11-06T01:36:15.902+0000] {logging_mixin.py:190} INFO - [2025-11-06T01:36:15.902+0000] {connection.py:1277} INFO - This connection is in OCSP Fail Open Mode. TLS Certificates would be checked for validity and revocation status. Any other Certificate Revocation related exceptions or OCSP Responder failures would be disregarded in favor of connectivity.
[2025-11-06T01:36:16.358+0000] {processor.py:925} INFO - DAG(s) 'ETL_DAG' retrieved from /opt/airflow/dags/homework6_etl.py
[2025-11-06T01:36:16.392+0000] {logging_mixin.py:190} INFO - [2025-11-06T01:36:16.392+0000] {dag.py:3229} INFO - Sync 1 DAGs
[2025-11-06T01:36:16.400+0000] {logging_mixin.py:190} INFO - [2025-11-06T01:36:16.400+0000] {dag.py:4156} INFO - Setting next_dagrun for ETL_DAG to 2025-11-05 02:45:00+00:00, run_after=2025-11-06 02:45:00+00:00
[2025-11-06T01:36:16.406+0000] {processor.py:208} INFO - Processing /opt/airflow/dags/homework6_etl.py took 0.528 seconds
[2025-11-06T01:42:27.392+0000] {processor.py:186} INFO - Started process (PID=94638) to work on /opt/airflow/dags/homework6_etl.py
[2025-11-06T01:42:27.393+0000] {processor.py:914} INFO - Processing file /opt/airflow/dags/homework6_etl.py for tasks to queue
[2025-11-06T01:42:27.394+0000] {logging_mixin.py:190} INFO - [2025-11-06T01:42:27.394+0000] {dagbag.py:587} INFO - Filling up the DagBag from /opt/airflow/dags/homework6_etl.py
[2025-11-06T01:42:27.404+0000] {logging_mixin.py:190} INFO - [2025-11-06T01:42:27.404+0000] {base.py:84} INFO - Retrieving connection 'snowflake_conn'
[2025-11-06T01:42:27.405+0000] {logging_mixin.py:190} INFO - [2025-11-06T01:42:27.405+0000] {connection.py:413} INFO - Snowflake Connector for Python Version: 3.12.1, Python Version: 3.12.5, Platform: Linux-6.10.14-linuxkit-aarch64-with-glibc2.36
[2025-11-06T01:42:27.406+0000] {logging_mixin.py:190} INFO - [2025-11-06T01:42:27.406+0000] {connection.py:1196} INFO - Connecting to GLOBAL Snowflake domain
[2025-11-06T01:42:27.406+0000] {logging_mixin.py:190} INFO - [2025-11-06T01:42:27.406+0000] {connection.py:1277} INFO - This connection is in OCSP Fail Open Mode. TLS Certificates would be checked for validity and revocation status. Any other Certificate Revocation related exceptions or OCSP Responder failures would be disregarded in favor of connectivity.
[2025-11-06T01:42:29.469+0000] {processor.py:925} INFO - DAG(s) 'ETL_DAG' retrieved from /opt/airflow/dags/homework6_etl.py
[2025-11-06T01:42:29.517+0000] {logging_mixin.py:190} INFO - [2025-11-06T01:42:29.517+0000] {dag.py:3229} INFO - Sync 1 DAGs
[2025-11-06T01:42:29.524+0000] {logging_mixin.py:190} INFO - [2025-11-06T01:42:29.524+0000] {dag.py:4156} INFO - Setting next_dagrun for ETL_DAG to 2025-11-05 02:45:00+00:00, run_after=2025-11-06 02:45:00+00:00
[2025-11-06T01:42:29.530+0000] {processor.py:208} INFO - Processing /opt/airflow/dags/homework6_etl.py took 2.142 seconds
[2025-11-06T01:46:01.841+0000] {processor.py:186} INFO - Started process (PID=94674) to work on /opt/airflow/dags/homework6_etl.py
[2025-11-06T01:46:01.842+0000] {processor.py:914} INFO - Processing file /opt/airflow/dags/homework6_etl.py for tasks to queue
[2025-11-06T01:46:01.842+0000] {logging_mixin.py:190} INFO - [2025-11-06T01:46:01.842+0000] {dagbag.py:587} INFO - Filling up the DagBag from /opt/airflow/dags/homework6_etl.py
[2025-11-06T01:46:01.856+0000] {logging_mixin.py:190} INFO - [2025-11-06T01:46:01.856+0000] {base.py:84} INFO - Retrieving connection 'snowflake_conn'
[2025-11-06T01:46:01.860+0000] {logging_mixin.py:190} INFO - [2025-11-06T01:46:01.860+0000] {connection.py:413} INFO - Snowflake Connector for Python Version: 3.12.1, Python Version: 3.12.5, Platform: Linux-6.10.14-linuxkit-aarch64-with-glibc2.36
[2025-11-06T01:46:01.862+0000] {logging_mixin.py:190} INFO - [2025-11-06T01:46:01.862+0000] {connection.py:1196} INFO - Connecting to GLOBAL Snowflake domain
[2025-11-06T01:46:01.862+0000] {logging_mixin.py:190} INFO - [2025-11-06T01:46:01.862+0000] {connection.py:1277} INFO - This connection is in OCSP Fail Open Mode. TLS Certificates would be checked for validity and revocation status. Any other Certificate Revocation related exceptions or OCSP Responder failures would be disregarded in favor of connectivity.
[2025-11-06T01:46:02.400+0000] {processor.py:925} INFO - DAG(s) 'ETL_DAG' retrieved from /opt/airflow/dags/homework6_etl.py
[2025-11-06T01:46:02.447+0000] {logging_mixin.py:190} INFO - [2025-11-06T01:46:02.447+0000] {dag.py:3229} INFO - Sync 1 DAGs
[2025-11-06T01:46:02.455+0000] {logging_mixin.py:190} INFO - [2025-11-06T01:46:02.455+0000] {dag.py:4156} INFO - Setting next_dagrun for ETL_DAG to 2025-11-05 02:45:00+00:00, run_after=2025-11-06 02:45:00+00:00
[2025-11-06T01:46:02.461+0000] {processor.py:208} INFO - Processing /opt/airflow/dags/homework6_etl.py took 0.624 seconds
[2025-11-06T01:49:08.470+0000] {processor.py:186} INFO - Started process (PID=94705) to work on /opt/airflow/dags/homework6_etl.py
[2025-11-06T01:49:08.471+0000] {processor.py:914} INFO - Processing file /opt/airflow/dags/homework6_etl.py for tasks to queue
[2025-11-06T01:49:08.471+0000] {logging_mixin.py:190} INFO - [2025-11-06T01:49:08.471+0000] {dagbag.py:587} INFO - Filling up the DagBag from /opt/airflow/dags/homework6_etl.py
[2025-11-06T01:49:08.484+0000] {logging_mixin.py:190} INFO - [2025-11-06T01:49:08.484+0000] {base.py:84} INFO - Retrieving connection 'snowflake_conn'
[2025-11-06T01:49:08.485+0000] {logging_mixin.py:190} INFO - [2025-11-06T01:49:08.485+0000] {connection.py:413} INFO - Snowflake Connector for Python Version: 3.12.1, Python Version: 3.12.5, Platform: Linux-6.10.14-linuxkit-aarch64-with-glibc2.36
[2025-11-06T01:49:08.486+0000] {logging_mixin.py:190} INFO - [2025-11-06T01:49:08.486+0000] {connection.py:1196} INFO - Connecting to GLOBAL Snowflake domain
[2025-11-06T01:49:08.486+0000] {logging_mixin.py:190} INFO - [2025-11-06T01:49:08.486+0000] {connection.py:1277} INFO - This connection is in OCSP Fail Open Mode. TLS Certificates would be checked for validity and revocation status. Any other Certificate Revocation related exceptions or OCSP Responder failures would be disregarded in favor of connectivity.
[2025-11-06T01:49:10.356+0000] {processor.py:925} INFO - DAG(s) 'ETL_DAG' retrieved from /opt/airflow/dags/homework6_etl.py
[2025-11-06T01:49:10.404+0000] {logging_mixin.py:190} INFO - [2025-11-06T01:49:10.404+0000] {dag.py:3229} INFO - Sync 1 DAGs
[2025-11-06T01:49:10.411+0000] {logging_mixin.py:190} INFO - [2025-11-06T01:49:10.411+0000] {dag.py:4156} INFO - Setting next_dagrun for ETL_DAG to 2025-11-05 02:45:00+00:00, run_after=2025-11-06 02:45:00+00:00
[2025-11-06T01:49:10.420+0000] {processor.py:208} INFO - Processing /opt/airflow/dags/homework6_etl.py took 1.954 seconds
[2025-11-06T01:57:06.500+0000] {processor.py:186} INFO - Started process (PID=94736) to work on /opt/airflow/dags/homework6_etl.py
[2025-11-06T01:57:06.501+0000] {processor.py:914} INFO - Processing file /opt/airflow/dags/homework6_etl.py for tasks to queue
[2025-11-06T01:57:06.502+0000] {logging_mixin.py:190} INFO - [2025-11-06T01:57:06.502+0000] {dagbag.py:587} INFO - Filling up the DagBag from /opt/airflow/dags/homework6_etl.py
[2025-11-06T01:57:06.520+0000] {logging_mixin.py:190} INFO - [2025-11-06T01:57:06.520+0000] {base.py:84} INFO - Retrieving connection 'snowflake_conn'
[2025-11-06T01:57:06.521+0000] {logging_mixin.py:190} INFO - [2025-11-06T01:57:06.521+0000] {connection.py:413} INFO - Snowflake Connector for Python Version: 3.12.1, Python Version: 3.12.5, Platform: Linux-6.10.14-linuxkit-aarch64-with-glibc2.36
[2025-11-06T01:57:06.522+0000] {logging_mixin.py:190} INFO - [2025-11-06T01:57:06.522+0000] {connection.py:1196} INFO - Connecting to GLOBAL Snowflake domain
[2025-11-06T01:57:06.522+0000] {logging_mixin.py:190} INFO - [2025-11-06T01:57:06.522+0000] {connection.py:1277} INFO - This connection is in OCSP Fail Open Mode. TLS Certificates would be checked for validity and revocation status. Any other Certificate Revocation related exceptions or OCSP Responder failures would be disregarded in favor of connectivity.
[2025-11-06T01:57:06.941+0000] {processor.py:925} INFO - DAG(s) 'ETL_DAG' retrieved from /opt/airflow/dags/homework6_etl.py
[2025-11-06T01:57:06.975+0000] {logging_mixin.py:190} INFO - [2025-11-06T01:57:06.975+0000] {dag.py:3229} INFO - Sync 1 DAGs
[2025-11-06T01:57:06.985+0000] {logging_mixin.py:190} INFO - [2025-11-06T01:57:06.985+0000] {dag.py:4156} INFO - Setting next_dagrun for ETL_DAG to 2025-11-05 02:45:00+00:00, run_after=2025-11-06 02:45:00+00:00
[2025-11-06T01:57:06.992+0000] {processor.py:208} INFO - Processing /opt/airflow/dags/homework6_etl.py took 0.497 seconds
[2025-11-06T01:57:49.267+0000] {processor.py:186} INFO - Started process (PID=94767) to work on /opt/airflow/dags/homework6_etl.py
[2025-11-06T01:57:49.269+0000] {processor.py:914} INFO - Processing file /opt/airflow/dags/homework6_etl.py for tasks to queue
[2025-11-06T01:57:49.270+0000] {logging_mixin.py:190} INFO - [2025-11-06T01:57:49.270+0000] {dagbag.py:587} INFO - Filling up the DagBag from /opt/airflow/dags/homework6_etl.py
[2025-11-06T01:57:49.284+0000] {logging_mixin.py:190} INFO - [2025-11-06T01:57:49.284+0000] {base.py:84} INFO - Retrieving connection 'snowflake_conn'
[2025-11-06T01:57:49.288+0000] {logging_mixin.py:190} INFO - [2025-11-06T01:57:49.288+0000] {connection.py:413} INFO - Snowflake Connector for Python Version: 3.12.1, Python Version: 3.12.5, Platform: Linux-6.10.14-linuxkit-aarch64-with-glibc2.36
[2025-11-06T01:57:49.288+0000] {logging_mixin.py:190} INFO - [2025-11-06T01:57:49.288+0000] {connection.py:1196} INFO - Connecting to GLOBAL Snowflake domain
[2025-11-06T01:57:49.290+0000] {logging_mixin.py:190} INFO - [2025-11-06T01:57:49.290+0000] {connection.py:1277} INFO - This connection is in OCSP Fail Open Mode. TLS Certificates would be checked for validity and revocation status. Any other Certificate Revocation related exceptions or OCSP Responder failures would be disregarded in favor of connectivity.
[2025-11-06T01:57:49.666+0000] {processor.py:925} INFO - DAG(s) 'ETL_DAG' retrieved from /opt/airflow/dags/homework6_etl.py
[2025-11-06T01:57:49.704+0000] {logging_mixin.py:190} INFO - [2025-11-06T01:57:49.704+0000] {dag.py:3229} INFO - Sync 1 DAGs
[2025-11-06T01:57:49.712+0000] {logging_mixin.py:190} INFO - [2025-11-06T01:57:49.712+0000] {dag.py:4156} INFO - Setting next_dagrun for ETL_DAG to 2025-11-05 02:45:00+00:00, run_after=2025-11-06 02:45:00+00:00
[2025-11-06T01:57:49.718+0000] {processor.py:208} INFO - Processing /opt/airflow/dags/homework6_etl.py took 0.457 seconds
[2025-11-06T02:01:54.253+0000] {processor.py:186} INFO - Started process (PID=94798) to work on /opt/airflow/dags/homework6_etl.py
[2025-11-06T02:01:54.253+0000] {processor.py:914} INFO - Processing file /opt/airflow/dags/homework6_etl.py for tasks to queue
[2025-11-06T02:01:54.254+0000] {logging_mixin.py:190} INFO - [2025-11-06T02:01:54.254+0000] {dagbag.py:587} INFO - Filling up the DagBag from /opt/airflow/dags/homework6_etl.py
[2025-11-06T02:01:54.267+0000] {logging_mixin.py:190} INFO - [2025-11-06T02:01:54.267+0000] {base.py:84} INFO - Retrieving connection 'snowflake_conn'
[2025-11-06T02:01:54.267+0000] {logging_mixin.py:190} INFO - [2025-11-06T02:01:54.267+0000] {connection.py:413} INFO - Snowflake Connector for Python Version: 3.12.1, Python Version: 3.12.5, Platform: Linux-6.10.14-linuxkit-aarch64-with-glibc2.36
[2025-11-06T02:01:54.268+0000] {logging_mixin.py:190} INFO - [2025-11-06T02:01:54.268+0000] {connection.py:1196} INFO - Connecting to GLOBAL Snowflake domain
[2025-11-06T02:01:54.268+0000] {logging_mixin.py:190} INFO - [2025-11-06T02:01:54.268+0000] {connection.py:1277} INFO - This connection is in OCSP Fail Open Mode. TLS Certificates would be checked for validity and revocation status. Any other Certificate Revocation related exceptions or OCSP Responder failures would be disregarded in favor of connectivity.
[2025-11-06T02:01:55.078+0000] {processor.py:925} INFO - DAG(s) 'ETL_DAG' retrieved from /opt/airflow/dags/homework6_etl.py
[2025-11-06T02:01:55.132+0000] {logging_mixin.py:190} INFO - [2025-11-06T02:01:55.131+0000] {dag.py:3229} INFO - Sync 1 DAGs
[2025-11-06T02:01:55.143+0000] {logging_mixin.py:190} INFO - [2025-11-06T02:01:55.143+0000] {dag.py:4156} INFO - Setting next_dagrun for ETL_DAG to 2025-11-05 02:45:00+00:00, run_after=2025-11-06 02:45:00+00:00
[2025-11-06T02:01:55.152+0000] {processor.py:208} INFO - Processing /opt/airflow/dags/homework6_etl.py took 0.903 seconds
[2025-11-06T02:04:07.119+0000] {processor.py:186} INFO - Started process (PID=94829) to work on /opt/airflow/dags/homework6_etl.py
[2025-11-06T02:04:07.120+0000] {processor.py:914} INFO - Processing file /opt/airflow/dags/homework6_etl.py for tasks to queue
[2025-11-06T02:04:07.121+0000] {logging_mixin.py:190} INFO - [2025-11-06T02:04:07.121+0000] {dagbag.py:587} INFO - Filling up the DagBag from /opt/airflow/dags/homework6_etl.py
[2025-11-06T02:04:07.137+0000] {logging_mixin.py:190} INFO - [2025-11-06T02:04:07.137+0000] {base.py:84} INFO - Retrieving connection 'snowflake_conn'
[2025-11-06T02:04:07.139+0000] {logging_mixin.py:190} INFO - [2025-11-06T02:04:07.139+0000] {connection.py:413} INFO - Snowflake Connector for Python Version: 3.12.1, Python Version: 3.12.5, Platform: Linux-6.10.14-linuxkit-aarch64-with-glibc2.36
[2025-11-06T02:04:07.139+0000] {logging_mixin.py:190} INFO - [2025-11-06T02:04:07.139+0000] {connection.py:1196} INFO - Connecting to GLOBAL Snowflake domain
[2025-11-06T02:04:07.143+0000] {logging_mixin.py:190} INFO - [2025-11-06T02:04:07.143+0000] {connection.py:1277} INFO - This connection is in OCSP Fail Open Mode. TLS Certificates would be checked for validity and revocation status. Any other Certificate Revocation related exceptions or OCSP Responder failures would be disregarded in favor of connectivity.
[2025-11-06T02:04:07.530+0000] {processor.py:925} INFO - DAG(s) 'ETL_DAG' retrieved from /opt/airflow/dags/homework6_etl.py
[2025-11-06T02:04:07.566+0000] {logging_mixin.py:190} INFO - [2025-11-06T02:04:07.566+0000] {dag.py:3229} INFO - Sync 1 DAGs
[2025-11-06T02:04:07.574+0000] {logging_mixin.py:190} INFO - [2025-11-06T02:04:07.574+0000] {dag.py:4156} INFO - Setting next_dagrun for ETL_DAG to 2025-11-05 02:45:00+00:00, run_after=2025-11-06 02:45:00+00:00
[2025-11-06T02:04:07.581+0000] {processor.py:208} INFO - Processing /opt/airflow/dags/homework6_etl.py took 0.469 seconds
[2025-11-06T02:11:21.805+0000] {processor.py:186} INFO - Started process (PID=94860) to work on /opt/airflow/dags/homework6_etl.py
[2025-11-06T02:11:21.806+0000] {processor.py:914} INFO - Processing file /opt/airflow/dags/homework6_etl.py for tasks to queue
[2025-11-06T02:11:21.809+0000] {logging_mixin.py:190} INFO - [2025-11-06T02:11:21.808+0000] {dagbag.py:587} INFO - Filling up the DagBag from /opt/airflow/dags/homework6_etl.py
[2025-11-06T02:11:21.846+0000] {logging_mixin.py:190} INFO - [2025-11-06T02:11:21.846+0000] {base.py:84} INFO - Retrieving connection 'snowflake_conn'
[2025-11-06T02:11:21.853+0000] {logging_mixin.py:190} INFO - [2025-11-06T02:11:21.853+0000] {connection.py:413} INFO - Snowflake Connector for Python Version: 3.12.1, Python Version: 3.12.5, Platform: Linux-6.10.14-linuxkit-aarch64-with-glibc2.36
[2025-11-06T02:11:21.856+0000] {logging_mixin.py:190} INFO - [2025-11-06T02:11:21.856+0000] {connection.py:1196} INFO - Connecting to GLOBAL Snowflake domain
[2025-11-06T02:11:21.856+0000] {logging_mixin.py:190} INFO - [2025-11-06T02:11:21.856+0000] {connection.py:1277} INFO - This connection is in OCSP Fail Open Mode. TLS Certificates would be checked for validity and revocation status. Any other Certificate Revocation related exceptions or OCSP Responder failures would be disregarded in favor of connectivity.
[2025-11-06T02:11:22.489+0000] {processor.py:925} INFO - DAG(s) 'ETL_DAG' retrieved from /opt/airflow/dags/homework6_etl.py
[2025-11-06T02:11:22.528+0000] {logging_mixin.py:190} INFO - [2025-11-06T02:11:22.528+0000] {dag.py:3229} INFO - Sync 1 DAGs
[2025-11-06T02:11:22.550+0000] {logging_mixin.py:190} INFO - [2025-11-06T02:11:22.549+0000] {dag.py:4156} INFO - Setting next_dagrun for ETL_DAG to 2025-11-05 02:45:00+00:00, run_after=2025-11-06 02:45:00+00:00
[2025-11-06T02:11:22.556+0000] {processor.py:208} INFO - Processing /opt/airflow/dags/homework6_etl.py took 0.765 seconds
[2025-11-06T02:16:08.642+0000] {processor.py:186} INFO - Started process (PID=94890) to work on /opt/airflow/dags/homework6_etl.py
[2025-11-06T02:16:08.642+0000] {processor.py:914} INFO - Processing file /opt/airflow/dags/homework6_etl.py for tasks to queue
[2025-11-06T02:16:08.643+0000] {logging_mixin.py:190} INFO - [2025-11-06T02:16:08.643+0000] {dagbag.py:587} INFO - Filling up the DagBag from /opt/airflow/dags/homework6_etl.py
[2025-11-06T02:16:08.652+0000] {logging_mixin.py:190} INFO - [2025-11-06T02:16:08.652+0000] {base.py:84} INFO - Retrieving connection 'snowflake_conn'
[2025-11-06T02:16:08.653+0000] {logging_mixin.py:190} INFO - [2025-11-06T02:16:08.653+0000] {connection.py:413} INFO - Snowflake Connector for Python Version: 3.12.1, Python Version: 3.12.5, Platform: Linux-6.10.14-linuxkit-aarch64-with-glibc2.36
[2025-11-06T02:16:08.653+0000] {logging_mixin.py:190} INFO - [2025-11-06T02:16:08.653+0000] {connection.py:1196} INFO - Connecting to GLOBAL Snowflake domain
[2025-11-06T02:16:08.654+0000] {logging_mixin.py:190} INFO - [2025-11-06T02:16:08.654+0000] {connection.py:1277} INFO - This connection is in OCSP Fail Open Mode. TLS Certificates would be checked for validity and revocation status. Any other Certificate Revocation related exceptions or OCSP Responder failures would be disregarded in favor of connectivity.
[2025-11-06T02:16:09.072+0000] {processor.py:925} INFO - DAG(s) 'ETL_DAG' retrieved from /opt/airflow/dags/homework6_etl.py
[2025-11-06T02:16:09.076+0000] {logging_mixin.py:190} INFO - [2025-11-06T02:16:09.076+0000] {dag.py:3229} INFO - Sync 1 DAGs
[2025-11-06T02:16:09.083+0000] {logging_mixin.py:190} INFO - [2025-11-06T02:16:09.083+0000] {dag.py:4156} INFO - Setting next_dagrun for ETL_DAG to 2025-11-05 02:45:00+00:00, run_after=2025-11-06 02:45:00+00:00
[2025-11-06T02:16:09.089+0000] {processor.py:208} INFO - Processing /opt/airflow/dags/homework6_etl.py took 0.450 seconds
[2025-11-06T02:29:37.074+0000] {processor.py:186} INFO - Started process (PID=94921) to work on /opt/airflow/dags/homework6_etl.py
[2025-11-06T02:29:37.074+0000] {processor.py:914} INFO - Processing file /opt/airflow/dags/homework6_etl.py for tasks to queue
[2025-11-06T02:29:37.075+0000] {logging_mixin.py:190} INFO - [2025-11-06T02:29:37.075+0000] {dagbag.py:587} INFO - Filling up the DagBag from /opt/airflow/dags/homework6_etl.py
[2025-11-06T02:29:37.086+0000] {logging_mixin.py:190} INFO - [2025-11-06T02:29:37.086+0000] {base.py:84} INFO - Retrieving connection 'snowflake_conn'
[2025-11-06T02:29:37.086+0000] {logging_mixin.py:190} INFO - [2025-11-06T02:29:37.086+0000] {connection.py:413} INFO - Snowflake Connector for Python Version: 3.12.1, Python Version: 3.12.5, Platform: Linux-6.10.14-linuxkit-aarch64-with-glibc2.36
[2025-11-06T02:29:37.087+0000] {logging_mixin.py:190} INFO - [2025-11-06T02:29:37.087+0000] {connection.py:1196} INFO - Connecting to GLOBAL Snowflake domain
[2025-11-06T02:29:37.087+0000] {logging_mixin.py:190} INFO - [2025-11-06T02:29:37.087+0000] {connection.py:1277} INFO - This connection is in OCSP Fail Open Mode. TLS Certificates would be checked for validity and revocation status. Any other Certificate Revocation related exceptions or OCSP Responder failures would be disregarded in favor of connectivity.
[2025-11-06T02:29:37.457+0000] {processor.py:925} INFO - DAG(s) 'ETL_DAG' retrieved from /opt/airflow/dags/homework6_etl.py
[2025-11-06T02:29:37.506+0000] {logging_mixin.py:190} INFO - [2025-11-06T02:29:37.505+0000] {dag.py:3229} INFO - Sync 1 DAGs
[2025-11-06T02:29:37.521+0000] {logging_mixin.py:190} INFO - [2025-11-06T02:29:37.521+0000] {dag.py:4156} INFO - Setting next_dagrun for ETL_DAG to 2025-11-05 02:45:00+00:00, run_after=2025-11-06 02:45:00+00:00
[2025-11-06T02:29:37.529+0000] {processor.py:208} INFO - Processing /opt/airflow/dags/homework6_etl.py took 0.458 seconds
[2025-11-06T02:34:53.236+0000] {processor.py:186} INFO - Started process (PID=94952) to work on /opt/airflow/dags/homework6_etl.py
[2025-11-06T02:34:53.236+0000] {processor.py:914} INFO - Processing file /opt/airflow/dags/homework6_etl.py for tasks to queue
[2025-11-06T02:34:53.237+0000] {logging_mixin.py:190} INFO - [2025-11-06T02:34:53.237+0000] {dagbag.py:587} INFO - Filling up the DagBag from /opt/airflow/dags/homework6_etl.py
[2025-11-06T02:34:53.252+0000] {logging_mixin.py:190} INFO - [2025-11-06T02:34:53.252+0000] {base.py:84} INFO - Retrieving connection 'snowflake_conn'
[2025-11-06T02:34:53.253+0000] {logging_mixin.py:190} INFO - [2025-11-06T02:34:53.253+0000] {connection.py:413} INFO - Snowflake Connector for Python Version: 3.12.1, Python Version: 3.12.5, Platform: Linux-6.10.14-linuxkit-aarch64-with-glibc2.36
[2025-11-06T02:34:53.254+0000] {logging_mixin.py:190} INFO - [2025-11-06T02:34:53.253+0000] {connection.py:1196} INFO - Connecting to GLOBAL Snowflake domain
[2025-11-06T02:34:53.254+0000] {logging_mixin.py:190} INFO - [2025-11-06T02:34:53.254+0000] {connection.py:1277} INFO - This connection is in OCSP Fail Open Mode. TLS Certificates would be checked for validity and revocation status. Any other Certificate Revocation related exceptions or OCSP Responder failures would be disregarded in favor of connectivity.
[2025-11-06T02:34:53.576+0000] {processor.py:925} INFO - DAG(s) 'ETL_DAG' retrieved from /opt/airflow/dags/homework6_etl.py
[2025-11-06T02:34:53.605+0000] {logging_mixin.py:190} INFO - [2025-11-06T02:34:53.605+0000] {dag.py:3229} INFO - Sync 1 DAGs
[2025-11-06T02:34:53.613+0000] {logging_mixin.py:190} INFO - [2025-11-06T02:34:53.613+0000] {dag.py:4156} INFO - Setting next_dagrun for ETL_DAG to 2025-11-05 02:45:00+00:00, run_after=2025-11-06 02:45:00+00:00
[2025-11-06T02:34:53.622+0000] {processor.py:208} INFO - Processing /opt/airflow/dags/homework6_etl.py took 0.391 seconds
[2025-11-06T02:37:32.208+0000] {processor.py:186} INFO - Started process (PID=94983) to work on /opt/airflow/dags/homework6_etl.py
[2025-11-06T02:37:32.209+0000] {processor.py:914} INFO - Processing file /opt/airflow/dags/homework6_etl.py for tasks to queue
[2025-11-06T02:37:32.209+0000] {logging_mixin.py:190} INFO - [2025-11-06T02:37:32.209+0000] {dagbag.py:587} INFO - Filling up the DagBag from /opt/airflow/dags/homework6_etl.py
[2025-11-06T02:37:32.224+0000] {logging_mixin.py:190} INFO - [2025-11-06T02:37:32.224+0000] {base.py:84} INFO - Retrieving connection 'snowflake_conn'
[2025-11-06T02:37:32.225+0000] {logging_mixin.py:190} INFO - [2025-11-06T02:37:32.225+0000] {connection.py:413} INFO - Snowflake Connector for Python Version: 3.12.1, Python Version: 3.12.5, Platform: Linux-6.10.14-linuxkit-aarch64-with-glibc2.36
[2025-11-06T02:37:32.226+0000] {logging_mixin.py:190} INFO - [2025-11-06T02:37:32.226+0000] {connection.py:1196} INFO - Connecting to GLOBAL Snowflake domain
[2025-11-06T02:37:32.226+0000] {logging_mixin.py:190} INFO - [2025-11-06T02:37:32.226+0000] {connection.py:1277} INFO - This connection is in OCSP Fail Open Mode. TLS Certificates would be checked for validity and revocation status. Any other Certificate Revocation related exceptions or OCSP Responder failures would be disregarded in favor of connectivity.
[2025-11-06T02:37:32.561+0000] {processor.py:925} INFO - DAG(s) 'ETL_DAG' retrieved from /opt/airflow/dags/homework6_etl.py
[2025-11-06T02:37:32.565+0000] {logging_mixin.py:190} INFO - [2025-11-06T02:37:32.565+0000] {dag.py:3229} INFO - Sync 1 DAGs
[2025-11-06T02:37:32.573+0000] {logging_mixin.py:190} INFO - [2025-11-06T02:37:32.573+0000] {dag.py:4156} INFO - Setting next_dagrun for ETL_DAG to 2025-11-05 02:45:00+00:00, run_after=2025-11-06 02:45:00+00:00
[2025-11-06T02:37:32.581+0000] {processor.py:208} INFO - Processing /opt/airflow/dags/homework6_etl.py took 0.376 seconds
[2025-11-06T02:38:52.041+0000] {processor.py:186} INFO - Started process (PID=95014) to work on /opt/airflow/dags/homework6_etl.py
[2025-11-06T02:38:52.042+0000] {processor.py:914} INFO - Processing file /opt/airflow/dags/homework6_etl.py for tasks to queue
[2025-11-06T02:38:52.043+0000] {logging_mixin.py:190} INFO - [2025-11-06T02:38:52.043+0000] {dagbag.py:587} INFO - Filling up the DagBag from /opt/airflow/dags/homework6_etl.py
[2025-11-06T02:38:52.062+0000] {logging_mixin.py:190} INFO - [2025-11-06T02:38:52.061+0000] {base.py:84} INFO - Retrieving connection 'snowflake_conn'
[2025-11-06T02:38:52.062+0000] {logging_mixin.py:190} INFO - [2025-11-06T02:38:52.062+0000] {connection.py:413} INFO - Snowflake Connector for Python Version: 3.12.1, Python Version: 3.12.5, Platform: Linux-6.10.14-linuxkit-aarch64-with-glibc2.36
[2025-11-06T02:38:52.063+0000] {logging_mixin.py:190} INFO - [2025-11-06T02:38:52.063+0000] {connection.py:1196} INFO - Connecting to GLOBAL Snowflake domain
[2025-11-06T02:38:52.063+0000] {logging_mixin.py:190} INFO - [2025-11-06T02:38:52.063+0000] {connection.py:1277} INFO - This connection is in OCSP Fail Open Mode. TLS Certificates would be checked for validity and revocation status. Any other Certificate Revocation related exceptions or OCSP Responder failures would be disregarded in favor of connectivity.
[2025-11-06T02:38:52.071+0000] {logging_mixin.py:190} INFO - [2025-11-06T02:38:52.071+0000] {connectionpool.py:824} WARNING - Retrying (Retry(total=0, connect=None, read=None, redirect=None, status=None)) after connection broken by 'NewConnectionError('<snowflake.connector.vendored.urllib3.connection.HTTPSConnection object at 0xffff5c8ecb90>: Failed to establish a new connection: [Errno -2] Name or service not known')': /session/v1/login-request?request_id=822124a9-dff7-48be-8144-6652487b2b47&databaseName=USER_DB_PLATYPUS&schemaName=&warehouse=PLATYPUS_QUERY_WH&roleName=&request_guid=bd96504a-9348-4221-8b69-53e637cddc66
[2025-11-06T02:38:53.090+0000] {logging_mixin.py:190} INFO - [2025-11-06T02:38:53.089+0000] {connectionpool.py:824} WARNING - Retrying (Retry(total=0, connect=None, read=None, redirect=None, status=None)) after connection broken by 'NewConnectionError('<snowflake.connector.vendored.urllib3.connection.HTTPSConnection object at 0xffff5c8b4950>: Failed to establish a new connection: [Errno -2] Name or service not known')': /session/v1/login-request?request_id=967f45f5-5992-455e-9110-2f59ecaec946&databaseName=USER_DB_PLATYPUS&schemaName=&warehouse=PLATYPUS_QUERY_WH&roleName=&request_guid=481c9c77-0198-4ce5-9a7b-8d8849a24b04
[2025-11-06T02:38:53.105+0000] {logging_mixin.py:190} INFO - [2025-11-06T02:38:53.099+0000] {dagbag.py:386} ERROR - Failed to import: /opt/airflow/dags/homework6_etl.py
Traceback (most recent call last):
  File "/home/airflow/.local/lib/python3.12/site-packages/snowflake/connector/vendored/urllib3/connection.py", line 174, in _new_conn
    conn = connection.create_connection(
           ^^^^^^^^^^^^^^^^^^^^^^^^^^^^^
  File "/home/airflow/.local/lib/python3.12/site-packages/snowflake/connector/vendored/urllib3/util/connection.py", line 79, in create_connection
    for res in socket.getaddrinfo(host, port, family, socket.SOCK_STREAM):
               ^^^^^^^^^^^^^^^^^^^^^^^^^^^^^^^^^^^^^^^^^^^^^^^^^^^^^^^^^^
  File "/usr/local/lib/python3.12/socket.py", line 976, in getaddrinfo
    for res in _socket.getaddrinfo(host, port, family, type, proto, flags):
               ^^^^^^^^^^^^^^^^^^^^^^^^^^^^^^^^^^^^^^^^^^^^^^^^^^^^^^^^^^^
socket.gaierror: [Errno -2] Name or service not known

During handling of the above exception, another exception occurred:

Traceback (most recent call last):
  File "/home/airflow/.local/lib/python3.12/site-packages/snowflake/connector/vendored/urllib3/connectionpool.py", line 715, in urlopen
    httplib_response = self._make_request(
                       ^^^^^^^^^^^^^^^^^^^
  File "/home/airflow/.local/lib/python3.12/site-packages/snowflake/connector/vendored/urllib3/connectionpool.py", line 404, in _make_request
    self._validate_conn(conn)
  File "/home/airflow/.local/lib/python3.12/site-packages/snowflake/connector/vendored/urllib3/connectionpool.py", line 1058, in _validate_conn
    conn.connect()
  File "/home/airflow/.local/lib/python3.12/site-packages/snowflake/connector/vendored/urllib3/connection.py", line 363, in connect
    self.sock = conn = self._new_conn()
                       ^^^^^^^^^^^^^^^^
  File "/home/airflow/.local/lib/python3.12/site-packages/snowflake/connector/vendored/urllib3/connection.py", line 186, in _new_conn
    raise NewConnectionError(
snowflake.connector.vendored.urllib3.exceptions.NewConnectionError: <snowflake.connector.vendored.urllib3.connection.HTTPSConnection object at 0xffff675aa1b0>: Failed to establish a new connection: [Errno -2] Name or service not known

During handling of the above exception, another exception occurred:

Traceback (most recent call last):
  File "/home/airflow/.local/lib/python3.12/site-packages/snowflake/connector/vendored/requests/adapters.py", line 486, in send
    resp = conn.urlopen(
           ^^^^^^^^^^^^^
  File "/home/airflow/.local/lib/python3.12/site-packages/snowflake/connector/vendored/urllib3/connectionpool.py", line 827, in urlopen
    return self.urlopen(
           ^^^^^^^^^^^^^
  File "/home/airflow/.local/lib/python3.12/site-packages/snowflake/connector/vendored/urllib3/connectionpool.py", line 799, in urlopen
    retries = retries.increment(
              ^^^^^^^^^^^^^^^^^^
  File "/home/airflow/.local/lib/python3.12/site-packages/snowflake/connector/vendored/urllib3/util/retry.py", line 592, in increment
    raise MaxRetryError(_pool, url, error or ResponseError(cause))
snowflake.connector.vendored.urllib3.exceptions.MaxRetryError: HTTPSConnectionPool(host='sfedu02-lvb17920.snowflakecomputing.com', port=443): Max retries exceeded with url: /session/v1/login-request?request_id=822124a9-dff7-48be-8144-6652487b2b47&databaseName=USER_DB_PLATYPUS&schemaName=&warehouse=PLATYPUS_QUERY_WH&roleName=&request_guid=bd96504a-9348-4221-8b69-53e637cddc66 (Caused by NewConnectionError('<snowflake.connector.vendored.urllib3.connection.HTTPSConnection object at 0xffff675aa1b0>: Failed to establish a new connection: [Errno -2] Name or service not known'))

During handling of the above exception, another exception occurred:

Traceback (most recent call last):
  File "/home/airflow/.local/lib/python3.12/site-packages/snowflake/connector/network.py", line 1059, in _request_exec
    raw_ret = session.request(
              ^^^^^^^^^^^^^^^^
  File "/home/airflow/.local/lib/python3.12/site-packages/snowflake/connector/vendored/requests/sessions.py", line 589, in request
    resp = self.send(prep, **send_kwargs)
           ^^^^^^^^^^^^^^^^^^^^^^^^^^^^^^
  File "/home/airflow/.local/lib/python3.12/site-packages/snowflake/connector/vendored/requests/sessions.py", line 703, in send
    r = adapter.send(request, **kwargs)
        ^^^^^^^^^^^^^^^^^^^^^^^^^^^^^^^
  File "/home/airflow/.local/lib/python3.12/site-packages/snowflake/connector/vendored/requests/adapters.py", line 519, in send
    raise ConnectionError(e, request=request)
snowflake.connector.vendored.requests.exceptions.ConnectionError: HTTPSConnectionPool(host='sfedu02-lvb17920.snowflakecomputing.com', port=443): Max retries exceeded with url: /session/v1/login-request?request_id=822124a9-dff7-48be-8144-6652487b2b47&databaseName=USER_DB_PLATYPUS&schemaName=&warehouse=PLATYPUS_QUERY_WH&roleName=&request_guid=bd96504a-9348-4221-8b69-53e637cddc66 (Caused by NewConnectionError('<snowflake.connector.vendored.urllib3.connection.HTTPSConnection object at 0xffff675aa1b0>: Failed to establish a new connection: [Errno -2] Name or service not known'))

During handling of the above exception, another exception occurred:

Traceback (most recent call last):
  File "/home/airflow/.local/lib/python3.12/site-packages/snowflake/connector/connection.py", line 1414, in _authenticate
    auth.authenticate(
  File "/home/airflow/.local/lib/python3.12/site-packages/snowflake/connector/auth/_auth.py", line 250, in authenticate
    ret = self._rest._post_request(
          ^^^^^^^^^^^^^^^^^^^^^^^^^
  File "/home/airflow/.local/lib/python3.12/site-packages/snowflake/connector/network.py", line 739, in _post_request
    ret = self.fetch(
          ^^^^^^^^^^^
  File "/home/airflow/.local/lib/python3.12/site-packages/snowflake/connector/network.py", line 854, in fetch
    ret = self._request_exec_wrapper(
          ^^^^^^^^^^^^^^^^^^^^^^^^^^^
  File "/home/airflow/.local/lib/python3.12/site-packages/snowflake/connector/network.py", line 971, in _request_exec_wrapper
    raise e
  File "/home/airflow/.local/lib/python3.12/site-packages/snowflake/connector/network.py", line 896, in _request_exec_wrapper
    return_object = self._request_exec(
                    ^^^^^^^^^^^^^^^^^^^
  File "/home/airflow/.local/lib/python3.12/site-packages/snowflake/connector/network.py", line 1144, in _request_exec
    raise OperationalError(
snowflake.connector.errors.OperationalError: 251011: 251011: ConnectionTimeout occurred during login. Will be handled by authenticator

The above exception was the direct cause of the following exception:

Traceback (most recent call last):
  File "/home/airflow/.local/lib/python3.12/site-packages/airflow/models/dagbag.py", line 382, in parse
    loader.exec_module(new_module)
  File "<frozen importlib._bootstrap_external>", line 995, in exec_module
  File "<frozen importlib._bootstrap>", line 488, in _call_with_frames_removed
  File "/opt/airflow/dags/homework6_etl.py", line 72, in <module>
    cursor = return_snowflake_conn()
             ^^^^^^^^^^^^^^^^^^^^^^^
  File "/opt/airflow/dags/homework6_etl.py", line 18, in return_snowflake_conn
    conn = hook.get_conn()
           ^^^^^^^^^^^^^^^
  File "/home/airflow/.local/lib/python3.12/site-packages/airflow/providers/snowflake/hooks/snowflake.py", line 300, in get_conn
    conn = connector.connect(**conn_config)
           ^^^^^^^^^^^^^^^^^^^^^^^^^^^^^^^^
  File "/home/airflow/.local/lib/python3.12/site-packages/snowflake/connector/__init__.py", line 55, in Connect
    return SnowflakeConnection(**kwargs)
           ^^^^^^^^^^^^^^^^^^^^^^^^^^^^^
  File "/home/airflow/.local/lib/python3.12/site-packages/snowflake/connector/connection.py", line 456, in __init__
    self.connect(**kwargs)
  File "/home/airflow/.local/lib/python3.12/site-packages/snowflake/connector/connection.py", line 771, in connect
    self.__open_connection()
  File "/home/airflow/.local/lib/python3.12/site-packages/snowflake/connector/connection.py", line 1099, in __open_connection
    self.authenticate_with_retry(self.auth_class)
  File "/home/airflow/.local/lib/python3.12/site-packages/snowflake/connector/connection.py", line 1386, in authenticate_with_retry
    self._authenticate(auth_instance)
  File "/home/airflow/.local/lib/python3.12/site-packages/snowflake/connector/connection.py", line 1458, in _authenticate
    raise auth_op from e
  File "/home/airflow/.local/lib/python3.12/site-packages/snowflake/connector/connection.py", line 1435, in _authenticate
    auth_instance.handle_timeout(
  File "/home/airflow/.local/lib/python3.12/site-packages/snowflake/connector/auth/by_plugin.py", line 212, in handle_timeout
    raise error
snowflake.connector.errors.OperationalError: 250001: 250001: Could not connect to Snowflake backend after 2 attempt(s).Aborting
[2025-11-06T02:38:53.107+0000] {processor.py:927} WARNING - No viable dags retrieved from /opt/airflow/dags/homework6_etl.py
[2025-11-06T02:38:53.116+0000] {processor.py:208} INFO - Processing /opt/airflow/dags/homework6_etl.py took 1.082 seconds
[2025-11-06T02:50:59.894+0000] {processor.py:186} INFO - Started process (PID=95047) to work on /opt/airflow/dags/homework6_etl.py
[2025-11-06T02:50:59.895+0000] {processor.py:914} INFO - Processing file /opt/airflow/dags/homework6_etl.py for tasks to queue
[2025-11-06T02:50:59.896+0000] {logging_mixin.py:190} INFO - [2025-11-06T02:50:59.896+0000] {dagbag.py:587} INFO - Filling up the DagBag from /opt/airflow/dags/homework6_etl.py
[2025-11-06T02:50:59.919+0000] {logging_mixin.py:190} INFO - [2025-11-06T02:50:59.919+0000] {base.py:84} INFO - Retrieving connection 'snowflake_conn'
[2025-11-06T02:50:59.920+0000] {logging_mixin.py:190} INFO - [2025-11-06T02:50:59.920+0000] {connection.py:413} INFO - Snowflake Connector for Python Version: 3.12.1, Python Version: 3.12.5, Platform: Linux-6.10.14-linuxkit-aarch64-with-glibc2.36
[2025-11-06T02:50:59.921+0000] {logging_mixin.py:190} INFO - [2025-11-06T02:50:59.921+0000] {connection.py:1196} INFO - Connecting to GLOBAL Snowflake domain
[2025-11-06T02:50:59.921+0000] {logging_mixin.py:190} INFO - [2025-11-06T02:50:59.921+0000] {connection.py:1277} INFO - This connection is in OCSP Fail Open Mode. TLS Certificates would be checked for validity and revocation status. Any other Certificate Revocation related exceptions or OCSP Responder failures would be disregarded in favor of connectivity.
[2025-11-06T02:51:00.264+0000] {processor.py:925} INFO - DAG(s) 'ETL_DAG' retrieved from /opt/airflow/dags/homework6_etl.py
[2025-11-06T02:51:00.321+0000] {logging_mixin.py:190} INFO - [2025-11-06T02:51:00.321+0000] {dag.py:3229} INFO - Sync 1 DAGs
[2025-11-06T02:51:00.332+0000] {logging_mixin.py:190} INFO - [2025-11-06T02:51:00.332+0000] {dag.py:4156} INFO - Setting next_dagrun for ETL_DAG to 2025-11-05 02:45:00+00:00, run_after=2025-11-06 02:45:00+00:00
[2025-11-06T02:51:00.341+0000] {processor.py:208} INFO - Processing /opt/airflow/dags/homework6_etl.py took 0.451 seconds
[2025-11-06T02:53:30.217+0000] {processor.py:186} INFO - Started process (PID=95086) to work on /opt/airflow/dags/homework6_etl.py
[2025-11-06T02:53:30.217+0000] {processor.py:914} INFO - Processing file /opt/airflow/dags/homework6_etl.py for tasks to queue
[2025-11-06T02:53:30.218+0000] {logging_mixin.py:190} INFO - [2025-11-06T02:53:30.218+0000] {dagbag.py:587} INFO - Filling up the DagBag from /opt/airflow/dags/homework6_etl.py
[2025-11-06T02:53:30.228+0000] {logging_mixin.py:190} INFO - [2025-11-06T02:53:30.228+0000] {base.py:84} INFO - Retrieving connection 'snowflake_conn'
[2025-11-06T02:53:30.229+0000] {logging_mixin.py:190} INFO - [2025-11-06T02:53:30.229+0000] {connection.py:413} INFO - Snowflake Connector for Python Version: 3.12.1, Python Version: 3.12.5, Platform: Linux-6.10.14-linuxkit-aarch64-with-glibc2.36
[2025-11-06T02:53:30.229+0000] {logging_mixin.py:190} INFO - [2025-11-06T02:53:30.229+0000] {connection.py:1196} INFO - Connecting to GLOBAL Snowflake domain
[2025-11-06T02:53:30.229+0000] {logging_mixin.py:190} INFO - [2025-11-06T02:53:30.229+0000] {connection.py:1277} INFO - This connection is in OCSP Fail Open Mode. TLS Certificates would be checked for validity and revocation status. Any other Certificate Revocation related exceptions or OCSP Responder failures would be disregarded in favor of connectivity.
[2025-11-06T02:53:30.562+0000] {processor.py:925} INFO - DAG(s) 'ETL_DAG' retrieved from /opt/airflow/dags/homework6_etl.py
[2025-11-06T02:53:30.596+0000] {logging_mixin.py:190} INFO - [2025-11-06T02:53:30.596+0000] {dag.py:3229} INFO - Sync 1 DAGs
[2025-11-06T02:53:30.603+0000] {logging_mixin.py:190} INFO - [2025-11-06T02:53:30.603+0000] {dag.py:4156} INFO - Setting next_dagrun for ETL_DAG to 2025-11-06 02:45:00+00:00, run_after=2025-11-07 02:45:00+00:00
[2025-11-06T02:53:30.608+0000] {processor.py:208} INFO - Processing /opt/airflow/dags/homework6_etl.py took 0.394 seconds
[2025-11-06T02:55:15.165+0000] {processor.py:186} INFO - Started process (PID=95111) to work on /opt/airflow/dags/homework6_etl.py
[2025-11-06T02:55:15.167+0000] {processor.py:914} INFO - Processing file /opt/airflow/dags/homework6_etl.py for tasks to queue
[2025-11-06T02:55:15.168+0000] {logging_mixin.py:190} INFO - [2025-11-06T02:55:15.167+0000] {dagbag.py:587} INFO - Filling up the DagBag from /opt/airflow/dags/homework6_etl.py
[2025-11-06T02:55:15.190+0000] {logging_mixin.py:190} INFO - [2025-11-06T02:55:15.190+0000] {base.py:84} INFO - Retrieving connection 'snowflake_conn'
[2025-11-06T02:55:15.195+0000] {logging_mixin.py:190} INFO - [2025-11-06T02:55:15.194+0000] {connection.py:413} INFO - Snowflake Connector for Python Version: 3.12.1, Python Version: 3.12.5, Platform: Linux-6.10.14-linuxkit-aarch64-with-glibc2.36
[2025-11-06T02:55:15.195+0000] {logging_mixin.py:190} INFO - [2025-11-06T02:55:15.195+0000] {connection.py:1196} INFO - Connecting to GLOBAL Snowflake domain
[2025-11-06T02:55:15.196+0000] {logging_mixin.py:190} INFO - [2025-11-06T02:55:15.196+0000] {connection.py:1277} INFO - This connection is in OCSP Fail Open Mode. TLS Certificates would be checked for validity and revocation status. Any other Certificate Revocation related exceptions or OCSP Responder failures would be disregarded in favor of connectivity.
[2025-11-06T02:55:15.562+0000] {processor.py:925} INFO - DAG(s) 'ETL_DAG' retrieved from /opt/airflow/dags/homework6_etl.py
[2025-11-06T02:55:15.603+0000] {logging_mixin.py:190} INFO - [2025-11-06T02:55:15.602+0000] {dag.py:3229} INFO - Sync 1 DAGs
[2025-11-06T02:55:15.609+0000] {logging_mixin.py:190} INFO - [2025-11-06T02:55:15.609+0000] {dag.py:4156} INFO - Setting next_dagrun for ETL_DAG to 2025-11-06 02:45:00+00:00, run_after=2025-11-07 02:45:00+00:00
[2025-11-06T02:55:15.615+0000] {processor.py:208} INFO - Processing /opt/airflow/dags/homework6_etl.py took 0.456 seconds
[2025-11-06T02:58:17.202+0000] {processor.py:186} INFO - Started process (PID=95142) to work on /opt/airflow/dags/homework6_etl.py
[2025-11-06T02:58:17.203+0000] {processor.py:914} INFO - Processing file /opt/airflow/dags/homework6_etl.py for tasks to queue
[2025-11-06T02:58:17.203+0000] {logging_mixin.py:190} INFO - [2025-11-06T02:58:17.203+0000] {dagbag.py:587} INFO - Filling up the DagBag from /opt/airflow/dags/homework6_etl.py
[2025-11-06T02:58:17.218+0000] {logging_mixin.py:190} INFO - [2025-11-06T02:58:17.218+0000] {base.py:84} INFO - Retrieving connection 'snowflake_conn'
[2025-11-06T02:58:17.218+0000] {logging_mixin.py:190} INFO - [2025-11-06T02:58:17.218+0000] {connection.py:413} INFO - Snowflake Connector for Python Version: 3.12.1, Python Version: 3.12.5, Platform: Linux-6.10.14-linuxkit-aarch64-with-glibc2.36
[2025-11-06T02:58:17.219+0000] {logging_mixin.py:190} INFO - [2025-11-06T02:58:17.219+0000] {connection.py:1196} INFO - Connecting to GLOBAL Snowflake domain
[2025-11-06T02:58:17.219+0000] {logging_mixin.py:190} INFO - [2025-11-06T02:58:17.219+0000] {connection.py:1277} INFO - This connection is in OCSP Fail Open Mode. TLS Certificates would be checked for validity and revocation status. Any other Certificate Revocation related exceptions or OCSP Responder failures would be disregarded in favor of connectivity.
[2025-11-06T02:58:17.520+0000] {processor.py:925} INFO - DAG(s) 'ETL_DAG' retrieved from /opt/airflow/dags/homework6_etl.py
[2025-11-06T02:58:17.580+0000] {logging_mixin.py:190} INFO - [2025-11-06T02:58:17.580+0000] {dag.py:3229} INFO - Sync 1 DAGs
[2025-11-06T02:58:17.592+0000] {logging_mixin.py:190} INFO - [2025-11-06T02:58:17.592+0000] {dag.py:4156} INFO - Setting next_dagrun for ETL_DAG to 2025-11-06 02:45:00+00:00, run_after=2025-11-07 02:45:00+00:00
[2025-11-06T02:58:17.602+0000] {processor.py:208} INFO - Processing /opt/airflow/dags/homework6_etl.py took 0.405 seconds
[2025-11-06T03:03:40.500+0000] {processor.py:186} INFO - Started process (PID=95173) to work on /opt/airflow/dags/homework6_etl.py
[2025-11-06T03:03:40.501+0000] {processor.py:914} INFO - Processing file /opt/airflow/dags/homework6_etl.py for tasks to queue
[2025-11-06T03:03:40.501+0000] {logging_mixin.py:190} INFO - [2025-11-06T03:03:40.501+0000] {dagbag.py:587} INFO - Filling up the DagBag from /opt/airflow/dags/homework6_etl.py
[2025-11-06T03:03:40.515+0000] {logging_mixin.py:190} INFO - [2025-11-06T03:03:40.515+0000] {base.py:84} INFO - Retrieving connection 'snowflake_conn'
[2025-11-06T03:03:40.516+0000] {logging_mixin.py:190} INFO - [2025-11-06T03:03:40.516+0000] {connection.py:413} INFO - Snowflake Connector for Python Version: 3.12.1, Python Version: 3.12.5, Platform: Linux-6.10.14-linuxkit-aarch64-with-glibc2.36
[2025-11-06T03:03:40.517+0000] {logging_mixin.py:190} INFO - [2025-11-06T03:03:40.517+0000] {connection.py:1196} INFO - Connecting to GLOBAL Snowflake domain
[2025-11-06T03:03:40.518+0000] {logging_mixin.py:190} INFO - [2025-11-06T03:03:40.517+0000] {connection.py:1277} INFO - This connection is in OCSP Fail Open Mode. TLS Certificates would be checked for validity and revocation status. Any other Certificate Revocation related exceptions or OCSP Responder failures would be disregarded in favor of connectivity.
[2025-11-06T03:03:40.524+0000] {logging_mixin.py:190} INFO - [2025-11-06T03:03:40.524+0000] {connectionpool.py:824} WARNING - Retrying (Retry(total=0, connect=None, read=None, redirect=None, status=None)) after connection broken by 'NewConnectionError('<snowflake.connector.vendored.urllib3.connection.HTTPSConnection object at 0xffff60aa6ea0>: Failed to establish a new connection: [Errno -2] Name or service not known')': /session/v1/login-request?request_id=de07f0c1-4355-4631-82a6-3bb7e36965f0&databaseName=USER_DB_PLATYPUS&schemaName=&warehouse=PLATYPUS_QUERY_WH&roleName=&request_guid=64ae7d4b-d947-42a6-ac12-01d2352d1619
[2025-11-06T03:03:41.546+0000] {logging_mixin.py:190} INFO - [2025-11-06T03:03:41.546+0000] {connectionpool.py:824} WARNING - Retrying (Retry(total=0, connect=None, read=None, redirect=None, status=None)) after connection broken by 'NewConnectionError('<snowflake.connector.vendored.urllib3.connection.HTTPSConnection object at 0xffff5c8b4710>: Failed to establish a new connection: [Errno -2] Name or service not known')': /session/v1/login-request?request_id=18be41a9-ecad-4e74-9e49-ab926d983c44&databaseName=USER_DB_PLATYPUS&schemaName=&warehouse=PLATYPUS_QUERY_WH&roleName=&request_guid=00810225-e993-45e8-859e-159b39f0a008
[2025-11-06T03:03:41.555+0000] {logging_mixin.py:190} INFO - [2025-11-06T03:03:41.551+0000] {dagbag.py:386} ERROR - Failed to import: /opt/airflow/dags/homework6_etl.py
Traceback (most recent call last):
  File "/home/airflow/.local/lib/python3.12/site-packages/snowflake/connector/vendored/urllib3/connection.py", line 174, in _new_conn
    conn = connection.create_connection(
           ^^^^^^^^^^^^^^^^^^^^^^^^^^^^^
  File "/home/airflow/.local/lib/python3.12/site-packages/snowflake/connector/vendored/urllib3/util/connection.py", line 79, in create_connection
    for res in socket.getaddrinfo(host, port, family, socket.SOCK_STREAM):
               ^^^^^^^^^^^^^^^^^^^^^^^^^^^^^^^^^^^^^^^^^^^^^^^^^^^^^^^^^^
  File "/usr/local/lib/python3.12/socket.py", line 976, in getaddrinfo
    for res in _socket.getaddrinfo(host, port, family, type, proto, flags):
               ^^^^^^^^^^^^^^^^^^^^^^^^^^^^^^^^^^^^^^^^^^^^^^^^^^^^^^^^^^^
socket.gaierror: [Errno -2] Name or service not known

During handling of the above exception, another exception occurred:

Traceback (most recent call last):
  File "/home/airflow/.local/lib/python3.12/site-packages/snowflake/connector/vendored/urllib3/connectionpool.py", line 715, in urlopen
    httplib_response = self._make_request(
                       ^^^^^^^^^^^^^^^^^^^
  File "/home/airflow/.local/lib/python3.12/site-packages/snowflake/connector/vendored/urllib3/connectionpool.py", line 404, in _make_request
    self._validate_conn(conn)
  File "/home/airflow/.local/lib/python3.12/site-packages/snowflake/connector/vendored/urllib3/connectionpool.py", line 1058, in _validate_conn
    conn.connect()
  File "/home/airflow/.local/lib/python3.12/site-packages/snowflake/connector/vendored/urllib3/connection.py", line 363, in connect
    self.sock = conn = self._new_conn()
                       ^^^^^^^^^^^^^^^^
  File "/home/airflow/.local/lib/python3.12/site-packages/snowflake/connector/vendored/urllib3/connection.py", line 186, in _new_conn
    raise NewConnectionError(
snowflake.connector.vendored.urllib3.exceptions.NewConnectionError: <snowflake.connector.vendored.urllib3.connection.HTTPSConnection object at 0xffff5c8ba7b0>: Failed to establish a new connection: [Errno -2] Name or service not known

During handling of the above exception, another exception occurred:

Traceback (most recent call last):
  File "/home/airflow/.local/lib/python3.12/site-packages/snowflake/connector/vendored/requests/adapters.py", line 486, in send
    resp = conn.urlopen(
           ^^^^^^^^^^^^^
  File "/home/airflow/.local/lib/python3.12/site-packages/snowflake/connector/vendored/urllib3/connectionpool.py", line 827, in urlopen
    return self.urlopen(
           ^^^^^^^^^^^^^
  File "/home/airflow/.local/lib/python3.12/site-packages/snowflake/connector/vendored/urllib3/connectionpool.py", line 799, in urlopen
    retries = retries.increment(
              ^^^^^^^^^^^^^^^^^^
  File "/home/airflow/.local/lib/python3.12/site-packages/snowflake/connector/vendored/urllib3/util/retry.py", line 592, in increment
    raise MaxRetryError(_pool, url, error or ResponseError(cause))
snowflake.connector.vendored.urllib3.exceptions.MaxRetryError: HTTPSConnectionPool(host='sfedu02-lvb17920.snowflakecomputing.com', port=443): Max retries exceeded with url: /session/v1/login-request?request_id=de07f0c1-4355-4631-82a6-3bb7e36965f0&databaseName=USER_DB_PLATYPUS&schemaName=&warehouse=PLATYPUS_QUERY_WH&roleName=&request_guid=64ae7d4b-d947-42a6-ac12-01d2352d1619 (Caused by NewConnectionError('<snowflake.connector.vendored.urllib3.connection.HTTPSConnection object at 0xffff5c8ba7b0>: Failed to establish a new connection: [Errno -2] Name or service not known'))

During handling of the above exception, another exception occurred:

Traceback (most recent call last):
  File "/home/airflow/.local/lib/python3.12/site-packages/snowflake/connector/network.py", line 1059, in _request_exec
    raw_ret = session.request(
              ^^^^^^^^^^^^^^^^
  File "/home/airflow/.local/lib/python3.12/site-packages/snowflake/connector/vendored/requests/sessions.py", line 589, in request
    resp = self.send(prep, **send_kwargs)
           ^^^^^^^^^^^^^^^^^^^^^^^^^^^^^^
  File "/home/airflow/.local/lib/python3.12/site-packages/snowflake/connector/vendored/requests/sessions.py", line 703, in send
    r = adapter.send(request, **kwargs)
        ^^^^^^^^^^^^^^^^^^^^^^^^^^^^^^^
  File "/home/airflow/.local/lib/python3.12/site-packages/snowflake/connector/vendored/requests/adapters.py", line 519, in send
    raise ConnectionError(e, request=request)
snowflake.connector.vendored.requests.exceptions.ConnectionError: HTTPSConnectionPool(host='sfedu02-lvb17920.snowflakecomputing.com', port=443): Max retries exceeded with url: /session/v1/login-request?request_id=de07f0c1-4355-4631-82a6-3bb7e36965f0&databaseName=USER_DB_PLATYPUS&schemaName=&warehouse=PLATYPUS_QUERY_WH&roleName=&request_guid=64ae7d4b-d947-42a6-ac12-01d2352d1619 (Caused by NewConnectionError('<snowflake.connector.vendored.urllib3.connection.HTTPSConnection object at 0xffff5c8ba7b0>: Failed to establish a new connection: [Errno -2] Name or service not known'))

During handling of the above exception, another exception occurred:

Traceback (most recent call last):
  File "/home/airflow/.local/lib/python3.12/site-packages/snowflake/connector/connection.py", line 1414, in _authenticate
    auth.authenticate(
  File "/home/airflow/.local/lib/python3.12/site-packages/snowflake/connector/auth/_auth.py", line 250, in authenticate
    ret = self._rest._post_request(
          ^^^^^^^^^^^^^^^^^^^^^^^^^
  File "/home/airflow/.local/lib/python3.12/site-packages/snowflake/connector/network.py", line 739, in _post_request
    ret = self.fetch(
          ^^^^^^^^^^^
  File "/home/airflow/.local/lib/python3.12/site-packages/snowflake/connector/network.py", line 854, in fetch
    ret = self._request_exec_wrapper(
          ^^^^^^^^^^^^^^^^^^^^^^^^^^^
  File "/home/airflow/.local/lib/python3.12/site-packages/snowflake/connector/network.py", line 971, in _request_exec_wrapper
    raise e
  File "/home/airflow/.local/lib/python3.12/site-packages/snowflake/connector/network.py", line 896, in _request_exec_wrapper
    return_object = self._request_exec(
                    ^^^^^^^^^^^^^^^^^^^
  File "/home/airflow/.local/lib/python3.12/site-packages/snowflake/connector/network.py", line 1144, in _request_exec
    raise OperationalError(
snowflake.connector.errors.OperationalError: 251011: 251011: ConnectionTimeout occurred during login. Will be handled by authenticator

The above exception was the direct cause of the following exception:

Traceback (most recent call last):
  File "/home/airflow/.local/lib/python3.12/site-packages/airflow/models/dagbag.py", line 382, in parse
    loader.exec_module(new_module)
  File "<frozen importlib._bootstrap_external>", line 995, in exec_module
  File "<frozen importlib._bootstrap>", line 488, in _call_with_frames_removed
  File "/opt/airflow/dags/homework6_etl.py", line 72, in <module>
    cursor = return_snowflake_conn()
             ^^^^^^^^^^^^^^^^^^^^^^^
  File "/opt/airflow/dags/homework6_etl.py", line 18, in return_snowflake_conn
    conn = hook.get_conn()
           ^^^^^^^^^^^^^^^
  File "/home/airflow/.local/lib/python3.12/site-packages/airflow/providers/snowflake/hooks/snowflake.py", line 300, in get_conn
    conn = connector.connect(**conn_config)
           ^^^^^^^^^^^^^^^^^^^^^^^^^^^^^^^^
  File "/home/airflow/.local/lib/python3.12/site-packages/snowflake/connector/__init__.py", line 55, in Connect
    return SnowflakeConnection(**kwargs)
           ^^^^^^^^^^^^^^^^^^^^^^^^^^^^^
  File "/home/airflow/.local/lib/python3.12/site-packages/snowflake/connector/connection.py", line 456, in __init__
    self.connect(**kwargs)
  File "/home/airflow/.local/lib/python3.12/site-packages/snowflake/connector/connection.py", line 771, in connect
    self.__open_connection()
  File "/home/airflow/.local/lib/python3.12/site-packages/snowflake/connector/connection.py", line 1099, in __open_connection
    self.authenticate_with_retry(self.auth_class)
  File "/home/airflow/.local/lib/python3.12/site-packages/snowflake/connector/connection.py", line 1386, in authenticate_with_retry
    self._authenticate(auth_instance)
  File "/home/airflow/.local/lib/python3.12/site-packages/snowflake/connector/connection.py", line 1458, in _authenticate
    raise auth_op from e
  File "/home/airflow/.local/lib/python3.12/site-packages/snowflake/connector/connection.py", line 1435, in _authenticate
    auth_instance.handle_timeout(
  File "/home/airflow/.local/lib/python3.12/site-packages/snowflake/connector/auth/by_plugin.py", line 212, in handle_timeout
    raise error
snowflake.connector.errors.OperationalError: 250001: 250001: Could not connect to Snowflake backend after 2 attempt(s).Aborting
[2025-11-06T03:03:41.557+0000] {processor.py:927} WARNING - No viable dags retrieved from /opt/airflow/dags/homework6_etl.py
[2025-11-06T03:03:41.566+0000] {processor.py:208} INFO - Processing /opt/airflow/dags/homework6_etl.py took 1.070 seconds
[2025-11-06T03:13:36.575+0000] {processor.py:186} INFO - Started process (PID=95204) to work on /opt/airflow/dags/homework6_etl.py
[2025-11-06T03:13:36.576+0000] {processor.py:914} INFO - Processing file /opt/airflow/dags/homework6_etl.py for tasks to queue
[2025-11-06T03:13:36.578+0000] {logging_mixin.py:190} INFO - [2025-11-06T03:13:36.577+0000] {dagbag.py:587} INFO - Filling up the DagBag from /opt/airflow/dags/homework6_etl.py
[2025-11-06T03:13:36.633+0000] {logging_mixin.py:190} INFO - [2025-11-06T03:13:36.633+0000] {base.py:84} INFO - Retrieving connection 'snowflake_conn'
[2025-11-06T03:13:36.642+0000] {logging_mixin.py:190} INFO - [2025-11-06T03:13:36.641+0000] {connection.py:413} INFO - Snowflake Connector for Python Version: 3.12.1, Python Version: 3.12.5, Platform: Linux-6.10.14-linuxkit-aarch64-with-glibc2.36
[2025-11-06T03:13:36.646+0000] {logging_mixin.py:190} INFO - [2025-11-06T03:13:36.645+0000] {connection.py:1196} INFO - Connecting to GLOBAL Snowflake domain
[2025-11-06T03:13:36.647+0000] {logging_mixin.py:190} INFO - [2025-11-06T03:13:36.647+0000] {connection.py:1277} INFO - This connection is in OCSP Fail Open Mode. TLS Certificates would be checked for validity and revocation status. Any other Certificate Revocation related exceptions or OCSP Responder failures would be disregarded in favor of connectivity.
[2025-11-06T03:13:37.186+0000] {processor.py:925} INFO - DAG(s) 'ETL_DAG' retrieved from /opt/airflow/dags/homework6_etl.py
[2025-11-06T03:13:37.224+0000] {logging_mixin.py:190} INFO - [2025-11-06T03:13:37.224+0000] {dag.py:3229} INFO - Sync 1 DAGs
[2025-11-06T03:13:37.231+0000] {logging_mixin.py:190} INFO - [2025-11-06T03:13:37.231+0000] {dag.py:4156} INFO - Setting next_dagrun for ETL_DAG to 2025-11-06 02:45:00+00:00, run_after=2025-11-07 02:45:00+00:00
[2025-11-06T03:13:37.237+0000] {processor.py:208} INFO - Processing /opt/airflow/dags/homework6_etl.py took 0.682 seconds
[2025-11-06T03:14:07.606+0000] {processor.py:186} INFO - Started process (PID=95241) to work on /opt/airflow/dags/homework6_etl.py
[2025-11-06T03:14:07.609+0000] {processor.py:914} INFO - Processing file /opt/airflow/dags/homework6_etl.py for tasks to queue
[2025-11-06T03:14:07.611+0000] {logging_mixin.py:190} INFO - [2025-11-06T03:14:07.610+0000] {dagbag.py:587} INFO - Filling up the DagBag from /opt/airflow/dags/homework6_etl.py
[2025-11-06T03:14:07.638+0000] {logging_mixin.py:190} INFO - [2025-11-06T03:14:07.638+0000] {base.py:84} INFO - Retrieving connection 'snowflake_conn'
[2025-11-06T03:14:07.639+0000] {logging_mixin.py:190} INFO - [2025-11-06T03:14:07.639+0000] {connection.py:413} INFO - Snowflake Connector for Python Version: 3.12.1, Python Version: 3.12.5, Platform: Linux-6.10.14-linuxkit-aarch64-with-glibc2.36
[2025-11-06T03:14:07.640+0000] {logging_mixin.py:190} INFO - [2025-11-06T03:14:07.640+0000] {connection.py:1196} INFO - Connecting to GLOBAL Snowflake domain
[2025-11-06T03:14:07.641+0000] {logging_mixin.py:190} INFO - [2025-11-06T03:14:07.641+0000] {connection.py:1277} INFO - This connection is in OCSP Fail Open Mode. TLS Certificates would be checked for validity and revocation status. Any other Certificate Revocation related exceptions or OCSP Responder failures would be disregarded in favor of connectivity.
[2025-11-06T03:14:08.372+0000] {processor.py:925} INFO - DAG(s) 'ETL_DAG' retrieved from /opt/airflow/dags/homework6_etl.py
[2025-11-06T03:14:08.427+0000] {logging_mixin.py:190} INFO - [2025-11-06T03:14:08.426+0000] {dag.py:3229} INFO - Sync 1 DAGs
[2025-11-06T03:14:08.435+0000] {logging_mixin.py:190} INFO - [2025-11-06T03:14:08.435+0000] {dag.py:4156} INFO - Setting next_dagrun for ETL_DAG to 2025-11-06 02:45:00+00:00, run_after=2025-11-07 02:45:00+00:00
[2025-11-06T03:14:08.440+0000] {processor.py:208} INFO - Processing /opt/airflow/dags/homework6_etl.py took 0.846 seconds
[2025-11-06T03:14:38.754+0000] {processor.py:186} INFO - Started process (PID=95277) to work on /opt/airflow/dags/homework6_etl.py
[2025-11-06T03:14:38.754+0000] {processor.py:914} INFO - Processing file /opt/airflow/dags/homework6_etl.py for tasks to queue
[2025-11-06T03:14:38.755+0000] {logging_mixin.py:190} INFO - [2025-11-06T03:14:38.755+0000] {dagbag.py:587} INFO - Filling up the DagBag from /opt/airflow/dags/homework6_etl.py
[2025-11-06T03:14:38.769+0000] {logging_mixin.py:190} INFO - [2025-11-06T03:14:38.769+0000] {base.py:84} INFO - Retrieving connection 'snowflake_conn'
[2025-11-06T03:14:38.770+0000] {logging_mixin.py:190} INFO - [2025-11-06T03:14:38.770+0000] {connection.py:413} INFO - Snowflake Connector for Python Version: 3.12.1, Python Version: 3.12.5, Platform: Linux-6.10.14-linuxkit-aarch64-with-glibc2.36
[2025-11-06T03:14:38.772+0000] {logging_mixin.py:190} INFO - [2025-11-06T03:14:38.772+0000] {connection.py:1196} INFO - Connecting to GLOBAL Snowflake domain
[2025-11-06T03:14:38.774+0000] {logging_mixin.py:190} INFO - [2025-11-06T03:14:38.774+0000] {connection.py:1277} INFO - This connection is in OCSP Fail Open Mode. TLS Certificates would be checked for validity and revocation status. Any other Certificate Revocation related exceptions or OCSP Responder failures would be disregarded in favor of connectivity.
[2025-11-06T03:14:39.201+0000] {processor.py:925} INFO - DAG(s) 'ETL_DAG' retrieved from /opt/airflow/dags/homework6_etl.py
[2025-11-06T03:14:39.239+0000] {logging_mixin.py:190} INFO - [2025-11-06T03:14:39.239+0000] {dag.py:3229} INFO - Sync 1 DAGs
[2025-11-06T03:14:39.248+0000] {logging_mixin.py:190} INFO - [2025-11-06T03:14:39.247+0000] {dag.py:4156} INFO - Setting next_dagrun for ETL_DAG to 2025-11-06 02:45:00+00:00, run_after=2025-11-07 02:45:00+00:00
[2025-11-06T03:14:39.255+0000] {processor.py:208} INFO - Processing /opt/airflow/dags/homework6_etl.py took 0.504 seconds
[2025-11-06T03:15:09.910+0000] {processor.py:186} INFO - Started process (PID=95308) to work on /opt/airflow/dags/homework6_etl.py
[2025-11-06T03:15:09.911+0000] {processor.py:914} INFO - Processing file /opt/airflow/dags/homework6_etl.py for tasks to queue
[2025-11-06T03:15:09.912+0000] {logging_mixin.py:190} INFO - [2025-11-06T03:15:09.912+0000] {dagbag.py:587} INFO - Filling up the DagBag from /opt/airflow/dags/homework6_etl.py
[2025-11-06T03:15:09.932+0000] {logging_mixin.py:190} INFO - [2025-11-06T03:15:09.932+0000] {base.py:84} INFO - Retrieving connection 'snowflake_conn'
[2025-11-06T03:15:09.935+0000] {logging_mixin.py:190} INFO - [2025-11-06T03:15:09.935+0000] {connection.py:413} INFO - Snowflake Connector for Python Version: 3.12.1, Python Version: 3.12.5, Platform: Linux-6.10.14-linuxkit-aarch64-with-glibc2.36
[2025-11-06T03:15:09.937+0000] {logging_mixin.py:190} INFO - [2025-11-06T03:15:09.937+0000] {connection.py:1196} INFO - Connecting to GLOBAL Snowflake domain
[2025-11-06T03:15:09.941+0000] {logging_mixin.py:190} INFO - [2025-11-06T03:15:09.940+0000] {connection.py:1277} INFO - This connection is in OCSP Fail Open Mode. TLS Certificates would be checked for validity and revocation status. Any other Certificate Revocation related exceptions or OCSP Responder failures would be disregarded in favor of connectivity.
[2025-11-06T03:15:10.781+0000] {processor.py:925} INFO - DAG(s) 'ETL_DAG' retrieved from /opt/airflow/dags/homework6_etl.py
[2025-11-06T03:15:10.836+0000] {logging_mixin.py:190} INFO - [2025-11-06T03:15:10.836+0000] {dag.py:3229} INFO - Sync 1 DAGs
[2025-11-06T03:15:10.844+0000] {logging_mixin.py:190} INFO - [2025-11-06T03:15:10.844+0000] {dag.py:4156} INFO - Setting next_dagrun for ETL_DAG to 2025-11-06 02:45:00+00:00, run_after=2025-11-07 02:45:00+00:00
[2025-11-06T03:15:10.850+0000] {processor.py:208} INFO - Processing /opt/airflow/dags/homework6_etl.py took 0.946 seconds
[2025-11-06T03:15:41.606+0000] {processor.py:186} INFO - Started process (PID=95349) to work on /opt/airflow/dags/homework6_etl.py
[2025-11-06T03:15:41.607+0000] {processor.py:914} INFO - Processing file /opt/airflow/dags/homework6_etl.py for tasks to queue
[2025-11-06T03:15:41.608+0000] {logging_mixin.py:190} INFO - [2025-11-06T03:15:41.607+0000] {dagbag.py:587} INFO - Filling up the DagBag from /opt/airflow/dags/homework6_etl.py
[2025-11-06T03:15:41.616+0000] {logging_mixin.py:190} INFO - [2025-11-06T03:15:41.616+0000] {base.py:84} INFO - Retrieving connection 'snowflake_conn'
[2025-11-06T03:15:41.617+0000] {logging_mixin.py:190} INFO - [2025-11-06T03:15:41.617+0000] {connection.py:413} INFO - Snowflake Connector for Python Version: 3.12.1, Python Version: 3.12.5, Platform: Linux-6.10.14-linuxkit-aarch64-with-glibc2.36
[2025-11-06T03:15:41.617+0000] {logging_mixin.py:190} INFO - [2025-11-06T03:15:41.617+0000] {connection.py:1196} INFO - Connecting to GLOBAL Snowflake domain
[2025-11-06T03:15:41.617+0000] {logging_mixin.py:190} INFO - [2025-11-06T03:15:41.617+0000] {connection.py:1277} INFO - This connection is in OCSP Fail Open Mode. TLS Certificates would be checked for validity and revocation status. Any other Certificate Revocation related exceptions or OCSP Responder failures would be disregarded in favor of connectivity.
[2025-11-06T03:15:42.264+0000] {logging_mixin.py:190} INFO - [2025-11-06T03:15:42.262+0000] {connectionpool.py:824} WARNING - Retrying (Retry(total=0, connect=None, read=None, redirect=None, status=None)) after connection broken by 'NewConnectionError('<snowflake.connector.vendored.urllib3.connection.HTTPSConnection object at 0xffff71548770>: Failed to establish a new connection: [Errno -2] Name or service not known')': /session/v1/login-request?request_id=46f487b2-0c70-4b50-8e1a-92568fac6b8e&databaseName=USER_DB_PLATYPUS&schemaName=&warehouse=PLATYPUS_QUERY_WH&roleName=&request_guid=196a4b44-5eab-4df5-a24d-ded7a92716f0
[2025-11-06T03:15:43.286+0000] {logging_mixin.py:190} INFO - [2025-11-06T03:15:43.285+0000] {connectionpool.py:824} WARNING - Retrying (Retry(total=0, connect=None, read=None, redirect=None, status=None)) after connection broken by 'NewConnectionError('<snowflake.connector.vendored.urllib3.connection.HTTPSConnection object at 0xffff5c8b9100>: Failed to establish a new connection: [Errno -2] Name or service not known')': /session/v1/login-request?request_id=08416eee-c6d0-404a-80ff-cf6d16ae0fc3&databaseName=USER_DB_PLATYPUS&schemaName=&warehouse=PLATYPUS_QUERY_WH&roleName=&request_guid=15eb8d05-462a-4400-8682-1251619d245a
[2025-11-06T03:15:43.297+0000] {logging_mixin.py:190} INFO - [2025-11-06T03:15:43.293+0000] {dagbag.py:386} ERROR - Failed to import: /opt/airflow/dags/homework6_etl.py
Traceback (most recent call last):
  File "/home/airflow/.local/lib/python3.12/site-packages/snowflake/connector/vendored/urllib3/connection.py", line 174, in _new_conn
    conn = connection.create_connection(
           ^^^^^^^^^^^^^^^^^^^^^^^^^^^^^
  File "/home/airflow/.local/lib/python3.12/site-packages/snowflake/connector/vendored/urllib3/util/connection.py", line 79, in create_connection
    for res in socket.getaddrinfo(host, port, family, socket.SOCK_STREAM):
               ^^^^^^^^^^^^^^^^^^^^^^^^^^^^^^^^^^^^^^^^^^^^^^^^^^^^^^^^^^
  File "/usr/local/lib/python3.12/socket.py", line 976, in getaddrinfo
    for res in _socket.getaddrinfo(host, port, family, type, proto, flags):
               ^^^^^^^^^^^^^^^^^^^^^^^^^^^^^^^^^^^^^^^^^^^^^^^^^^^^^^^^^^^
socket.gaierror: [Errno -2] Name or service not known

During handling of the above exception, another exception occurred:

Traceback (most recent call last):
  File "/home/airflow/.local/lib/python3.12/site-packages/snowflake/connector/vendored/urllib3/connectionpool.py", line 715, in urlopen
    httplib_response = self._make_request(
                       ^^^^^^^^^^^^^^^^^^^
  File "/home/airflow/.local/lib/python3.12/site-packages/snowflake/connector/vendored/urllib3/connectionpool.py", line 404, in _make_request
    self._validate_conn(conn)
  File "/home/airflow/.local/lib/python3.12/site-packages/snowflake/connector/vendored/urllib3/connectionpool.py", line 1058, in _validate_conn
    conn.connect()
  File "/home/airflow/.local/lib/python3.12/site-packages/snowflake/connector/vendored/urllib3/connection.py", line 363, in connect
    self.sock = conn = self._new_conn()
                       ^^^^^^^^^^^^^^^^
  File "/home/airflow/.local/lib/python3.12/site-packages/snowflake/connector/vendored/urllib3/connection.py", line 186, in _new_conn
    raise NewConnectionError(
snowflake.connector.vendored.urllib3.exceptions.NewConnectionError: <snowflake.connector.vendored.urllib3.connection.HTTPSConnection object at 0xffff5c8b4ef0>: Failed to establish a new connection: [Errno -2] Name or service not known

During handling of the above exception, another exception occurred:

Traceback (most recent call last):
  File "/home/airflow/.local/lib/python3.12/site-packages/snowflake/connector/vendored/requests/adapters.py", line 486, in send
    resp = conn.urlopen(
           ^^^^^^^^^^^^^
  File "/home/airflow/.local/lib/python3.12/site-packages/snowflake/connector/vendored/urllib3/connectionpool.py", line 827, in urlopen
    return self.urlopen(
           ^^^^^^^^^^^^^
  File "/home/airflow/.local/lib/python3.12/site-packages/snowflake/connector/vendored/urllib3/connectionpool.py", line 799, in urlopen
    retries = retries.increment(
              ^^^^^^^^^^^^^^^^^^
  File "/home/airflow/.local/lib/python3.12/site-packages/snowflake/connector/vendored/urllib3/util/retry.py", line 592, in increment
    raise MaxRetryError(_pool, url, error or ResponseError(cause))
snowflake.connector.vendored.urllib3.exceptions.MaxRetryError: HTTPSConnectionPool(host='sfedu02-lvb17920.snowflakecomputing.com', port=443): Max retries exceeded with url: /session/v1/login-request?request_id=46f487b2-0c70-4b50-8e1a-92568fac6b8e&databaseName=USER_DB_PLATYPUS&schemaName=&warehouse=PLATYPUS_QUERY_WH&roleName=&request_guid=196a4b44-5eab-4df5-a24d-ded7a92716f0 (Caused by NewConnectionError('<snowflake.connector.vendored.urllib3.connection.HTTPSConnection object at 0xffff5c8b4ef0>: Failed to establish a new connection: [Errno -2] Name or service not known'))

During handling of the above exception, another exception occurred:

Traceback (most recent call last):
  File "/home/airflow/.local/lib/python3.12/site-packages/snowflake/connector/network.py", line 1059, in _request_exec
    raw_ret = session.request(
              ^^^^^^^^^^^^^^^^
  File "/home/airflow/.local/lib/python3.12/site-packages/snowflake/connector/vendored/requests/sessions.py", line 589, in request
    resp = self.send(prep, **send_kwargs)
           ^^^^^^^^^^^^^^^^^^^^^^^^^^^^^^
  File "/home/airflow/.local/lib/python3.12/site-packages/snowflake/connector/vendored/requests/sessions.py", line 703, in send
    r = adapter.send(request, **kwargs)
        ^^^^^^^^^^^^^^^^^^^^^^^^^^^^^^^
  File "/home/airflow/.local/lib/python3.12/site-packages/snowflake/connector/vendored/requests/adapters.py", line 519, in send
    raise ConnectionError(e, request=request)
snowflake.connector.vendored.requests.exceptions.ConnectionError: HTTPSConnectionPool(host='sfedu02-lvb17920.snowflakecomputing.com', port=443): Max retries exceeded with url: /session/v1/login-request?request_id=46f487b2-0c70-4b50-8e1a-92568fac6b8e&databaseName=USER_DB_PLATYPUS&schemaName=&warehouse=PLATYPUS_QUERY_WH&roleName=&request_guid=196a4b44-5eab-4df5-a24d-ded7a92716f0 (Caused by NewConnectionError('<snowflake.connector.vendored.urllib3.connection.HTTPSConnection object at 0xffff5c8b4ef0>: Failed to establish a new connection: [Errno -2] Name or service not known'))

During handling of the above exception, another exception occurred:

Traceback (most recent call last):
  File "/home/airflow/.local/lib/python3.12/site-packages/snowflake/connector/connection.py", line 1414, in _authenticate
    auth.authenticate(
  File "/home/airflow/.local/lib/python3.12/site-packages/snowflake/connector/auth/_auth.py", line 250, in authenticate
    ret = self._rest._post_request(
          ^^^^^^^^^^^^^^^^^^^^^^^^^
  File "/home/airflow/.local/lib/python3.12/site-packages/snowflake/connector/network.py", line 739, in _post_request
    ret = self.fetch(
          ^^^^^^^^^^^
  File "/home/airflow/.local/lib/python3.12/site-packages/snowflake/connector/network.py", line 854, in fetch
    ret = self._request_exec_wrapper(
          ^^^^^^^^^^^^^^^^^^^^^^^^^^^
  File "/home/airflow/.local/lib/python3.12/site-packages/snowflake/connector/network.py", line 971, in _request_exec_wrapper
    raise e
  File "/home/airflow/.local/lib/python3.12/site-packages/snowflake/connector/network.py", line 896, in _request_exec_wrapper
    return_object = self._request_exec(
                    ^^^^^^^^^^^^^^^^^^^
  File "/home/airflow/.local/lib/python3.12/site-packages/snowflake/connector/network.py", line 1144, in _request_exec
    raise OperationalError(
snowflake.connector.errors.OperationalError: 251011: 251011: ConnectionTimeout occurred during login. Will be handled by authenticator

The above exception was the direct cause of the following exception:

Traceback (most recent call last):
  File "/home/airflow/.local/lib/python3.12/site-packages/airflow/models/dagbag.py", line 382, in parse
    loader.exec_module(new_module)
  File "<frozen importlib._bootstrap_external>", line 995, in exec_module
  File "<frozen importlib._bootstrap>", line 488, in _call_with_frames_removed
  File "/opt/airflow/dags/homework6_etl.py", line 72, in <module>
    cursor = return_snowflake_conn()
             ^^^^^^^^^^^^^^^^^^^^^^^
  File "/opt/airflow/dags/homework6_etl.py", line 18, in return_snowflake_conn
    conn = hook.get_conn()
           ^^^^^^^^^^^^^^^
  File "/home/airflow/.local/lib/python3.12/site-packages/airflow/providers/snowflake/hooks/snowflake.py", line 300, in get_conn
    conn = connector.connect(**conn_config)
           ^^^^^^^^^^^^^^^^^^^^^^^^^^^^^^^^
  File "/home/airflow/.local/lib/python3.12/site-packages/snowflake/connector/__init__.py", line 55, in Connect
    return SnowflakeConnection(**kwargs)
           ^^^^^^^^^^^^^^^^^^^^^^^^^^^^^
  File "/home/airflow/.local/lib/python3.12/site-packages/snowflake/connector/connection.py", line 456, in __init__
    self.connect(**kwargs)
  File "/home/airflow/.local/lib/python3.12/site-packages/snowflake/connector/connection.py", line 771, in connect
    self.__open_connection()
  File "/home/airflow/.local/lib/python3.12/site-packages/snowflake/connector/connection.py", line 1099, in __open_connection
    self.authenticate_with_retry(self.auth_class)
  File "/home/airflow/.local/lib/python3.12/site-packages/snowflake/connector/connection.py", line 1386, in authenticate_with_retry
    self._authenticate(auth_instance)
  File "/home/airflow/.local/lib/python3.12/site-packages/snowflake/connector/connection.py", line 1458, in _authenticate
    raise auth_op from e
  File "/home/airflow/.local/lib/python3.12/site-packages/snowflake/connector/connection.py", line 1435, in _authenticate
    auth_instance.handle_timeout(
  File "/home/airflow/.local/lib/python3.12/site-packages/snowflake/connector/auth/by_plugin.py", line 212, in handle_timeout
    raise error
snowflake.connector.errors.OperationalError: 250001: 250001: Could not connect to Snowflake backend after 2 attempt(s).Aborting
[2025-11-06T03:15:43.298+0000] {processor.py:927} WARNING - No viable dags retrieved from /opt/airflow/dags/homework6_etl.py
[2025-11-06T03:15:43.302+0000] {processor.py:208} INFO - Processing /opt/airflow/dags/homework6_etl.py took 1.699 seconds
[2025-11-06T03:16:13.330+0000] {processor.py:186} INFO - Started process (PID=95380) to work on /opt/airflow/dags/homework6_etl.py
[2025-11-06T03:16:13.331+0000] {processor.py:914} INFO - Processing file /opt/airflow/dags/homework6_etl.py for tasks to queue
[2025-11-06T03:16:13.332+0000] {logging_mixin.py:190} INFO - [2025-11-06T03:16:13.332+0000] {dagbag.py:587} INFO - Filling up the DagBag from /opt/airflow/dags/homework6_etl.py
[2025-11-06T03:16:13.349+0000] {logging_mixin.py:190} INFO - [2025-11-06T03:16:13.349+0000] {base.py:84} INFO - Retrieving connection 'snowflake_conn'
[2025-11-06T03:16:13.350+0000] {logging_mixin.py:190} INFO - [2025-11-06T03:16:13.350+0000] {connection.py:413} INFO - Snowflake Connector for Python Version: 3.12.1, Python Version: 3.12.5, Platform: Linux-6.10.14-linuxkit-aarch64-with-glibc2.36
[2025-11-06T03:16:13.351+0000] {logging_mixin.py:190} INFO - [2025-11-06T03:16:13.351+0000] {connection.py:1196} INFO - Connecting to GLOBAL Snowflake domain
[2025-11-06T03:16:13.351+0000] {logging_mixin.py:190} INFO - [2025-11-06T03:16:13.351+0000] {connection.py:1277} INFO - This connection is in OCSP Fail Open Mode. TLS Certificates would be checked for validity and revocation status. Any other Certificate Revocation related exceptions or OCSP Responder failures would be disregarded in favor of connectivity.
[2025-11-06T03:16:13.359+0000] {logging_mixin.py:190} INFO - [2025-11-06T03:16:13.359+0000] {connectionpool.py:824} WARNING - Retrying (Retry(total=0, connect=None, read=None, redirect=None, status=None)) after connection broken by 'NewConnectionError('<snowflake.connector.vendored.urllib3.connection.HTTPSConnection object at 0xffff5c8c8980>: Failed to establish a new connection: [Errno -2] Name or service not known')': /session/v1/login-request?request_id=93d7bdf1-ef6c-41a7-b51c-d434ff792f92&databaseName=USER_DB_PLATYPUS&schemaName=&warehouse=PLATYPUS_QUERY_WH&roleName=&request_guid=2a255336-2d2a-4fbb-9e42-cda014dd2058
[2025-11-06T03:16:14.376+0000] {logging_mixin.py:190} INFO - [2025-11-06T03:16:14.376+0000] {connectionpool.py:824} WARNING - Retrying (Retry(total=0, connect=None, read=None, redirect=None, status=None)) after connection broken by 'NewConnectionError('<snowflake.connector.vendored.urllib3.connection.HTTPSConnection object at 0xffff5c8b6e10>: Failed to establish a new connection: [Errno -2] Name or service not known')': /session/v1/login-request?request_id=0a0aa7a0-ee36-436c-9a64-d43718a0e3bf&databaseName=USER_DB_PLATYPUS&schemaName=&warehouse=PLATYPUS_QUERY_WH&roleName=&request_guid=4532bee6-25a0-404b-b070-4ffec6224728
[2025-11-06T03:16:14.385+0000] {logging_mixin.py:190} INFO - [2025-11-06T03:16:14.381+0000] {dagbag.py:386} ERROR - Failed to import: /opt/airflow/dags/homework6_etl.py
Traceback (most recent call last):
  File "/home/airflow/.local/lib/python3.12/site-packages/snowflake/connector/vendored/urllib3/connection.py", line 174, in _new_conn
    conn = connection.create_connection(
           ^^^^^^^^^^^^^^^^^^^^^^^^^^^^^
  File "/home/airflow/.local/lib/python3.12/site-packages/snowflake/connector/vendored/urllib3/util/connection.py", line 79, in create_connection
    for res in socket.getaddrinfo(host, port, family, socket.SOCK_STREAM):
               ^^^^^^^^^^^^^^^^^^^^^^^^^^^^^^^^^^^^^^^^^^^^^^^^^^^^^^^^^^
  File "/usr/local/lib/python3.12/socket.py", line 976, in getaddrinfo
    for res in _socket.getaddrinfo(host, port, family, type, proto, flags):
               ^^^^^^^^^^^^^^^^^^^^^^^^^^^^^^^^^^^^^^^^^^^^^^^^^^^^^^^^^^^
socket.gaierror: [Errno -2] Name or service not known

During handling of the above exception, another exception occurred:

Traceback (most recent call last):
  File "/home/airflow/.local/lib/python3.12/site-packages/snowflake/connector/vendored/urllib3/connectionpool.py", line 715, in urlopen
    httplib_response = self._make_request(
                       ^^^^^^^^^^^^^^^^^^^
  File "/home/airflow/.local/lib/python3.12/site-packages/snowflake/connector/vendored/urllib3/connectionpool.py", line 404, in _make_request
    self._validate_conn(conn)
  File "/home/airflow/.local/lib/python3.12/site-packages/snowflake/connector/vendored/urllib3/connectionpool.py", line 1058, in _validate_conn
    conn.connect()
  File "/home/airflow/.local/lib/python3.12/site-packages/snowflake/connector/vendored/urllib3/connection.py", line 363, in connect
    self.sock = conn = self._new_conn()
                       ^^^^^^^^^^^^^^^^
  File "/home/airflow/.local/lib/python3.12/site-packages/snowflake/connector/vendored/urllib3/connection.py", line 186, in _new_conn
    raise NewConnectionError(
snowflake.connector.vendored.urllib3.exceptions.NewConnectionError: <snowflake.connector.vendored.urllib3.connection.HTTPSConnection object at 0xffff5c8b87a0>: Failed to establish a new connection: [Errno -2] Name or service not known

During handling of the above exception, another exception occurred:

Traceback (most recent call last):
  File "/home/airflow/.local/lib/python3.12/site-packages/snowflake/connector/vendored/requests/adapters.py", line 486, in send
    resp = conn.urlopen(
           ^^^^^^^^^^^^^
  File "/home/airflow/.local/lib/python3.12/site-packages/snowflake/connector/vendored/urllib3/connectionpool.py", line 827, in urlopen
    return self.urlopen(
           ^^^^^^^^^^^^^
  File "/home/airflow/.local/lib/python3.12/site-packages/snowflake/connector/vendored/urllib3/connectionpool.py", line 799, in urlopen
    retries = retries.increment(
              ^^^^^^^^^^^^^^^^^^
  File "/home/airflow/.local/lib/python3.12/site-packages/snowflake/connector/vendored/urllib3/util/retry.py", line 592, in increment
    raise MaxRetryError(_pool, url, error or ResponseError(cause))
snowflake.connector.vendored.urllib3.exceptions.MaxRetryError: HTTPSConnectionPool(host='sfedu02-lvb17920.snowflakecomputing.com', port=443): Max retries exceeded with url: /session/v1/login-request?request_id=93d7bdf1-ef6c-41a7-b51c-d434ff792f92&databaseName=USER_DB_PLATYPUS&schemaName=&warehouse=PLATYPUS_QUERY_WH&roleName=&request_guid=2a255336-2d2a-4fbb-9e42-cda014dd2058 (Caused by NewConnectionError('<snowflake.connector.vendored.urllib3.connection.HTTPSConnection object at 0xffff5c8b87a0>: Failed to establish a new connection: [Errno -2] Name or service not known'))

During handling of the above exception, another exception occurred:

Traceback (most recent call last):
  File "/home/airflow/.local/lib/python3.12/site-packages/snowflake/connector/network.py", line 1059, in _request_exec
    raw_ret = session.request(
              ^^^^^^^^^^^^^^^^
  File "/home/airflow/.local/lib/python3.12/site-packages/snowflake/connector/vendored/requests/sessions.py", line 589, in request
    resp = self.send(prep, **send_kwargs)
           ^^^^^^^^^^^^^^^^^^^^^^^^^^^^^^
  File "/home/airflow/.local/lib/python3.12/site-packages/snowflake/connector/vendored/requests/sessions.py", line 703, in send
    r = adapter.send(request, **kwargs)
        ^^^^^^^^^^^^^^^^^^^^^^^^^^^^^^^
  File "/home/airflow/.local/lib/python3.12/site-packages/snowflake/connector/vendored/requests/adapters.py", line 519, in send
    raise ConnectionError(e, request=request)
snowflake.connector.vendored.requests.exceptions.ConnectionError: HTTPSConnectionPool(host='sfedu02-lvb17920.snowflakecomputing.com', port=443): Max retries exceeded with url: /session/v1/login-request?request_id=93d7bdf1-ef6c-41a7-b51c-d434ff792f92&databaseName=USER_DB_PLATYPUS&schemaName=&warehouse=PLATYPUS_QUERY_WH&roleName=&request_guid=2a255336-2d2a-4fbb-9e42-cda014dd2058 (Caused by NewConnectionError('<snowflake.connector.vendored.urllib3.connection.HTTPSConnection object at 0xffff5c8b87a0>: Failed to establish a new connection: [Errno -2] Name or service not known'))

During handling of the above exception, another exception occurred:

Traceback (most recent call last):
  File "/home/airflow/.local/lib/python3.12/site-packages/snowflake/connector/connection.py", line 1414, in _authenticate
    auth.authenticate(
  File "/home/airflow/.local/lib/python3.12/site-packages/snowflake/connector/auth/_auth.py", line 250, in authenticate
    ret = self._rest._post_request(
          ^^^^^^^^^^^^^^^^^^^^^^^^^
  File "/home/airflow/.local/lib/python3.12/site-packages/snowflake/connector/network.py", line 739, in _post_request
    ret = self.fetch(
          ^^^^^^^^^^^
  File "/home/airflow/.local/lib/python3.12/site-packages/snowflake/connector/network.py", line 854, in fetch
    ret = self._request_exec_wrapper(
          ^^^^^^^^^^^^^^^^^^^^^^^^^^^
  File "/home/airflow/.local/lib/python3.12/site-packages/snowflake/connector/network.py", line 971, in _request_exec_wrapper
    raise e
  File "/home/airflow/.local/lib/python3.12/site-packages/snowflake/connector/network.py", line 896, in _request_exec_wrapper
    return_object = self._request_exec(
                    ^^^^^^^^^^^^^^^^^^^
  File "/home/airflow/.local/lib/python3.12/site-packages/snowflake/connector/network.py", line 1144, in _request_exec
    raise OperationalError(
snowflake.connector.errors.OperationalError: 251011: 251011: ConnectionTimeout occurred during login. Will be handled by authenticator

The above exception was the direct cause of the following exception:

Traceback (most recent call last):
  File "/home/airflow/.local/lib/python3.12/site-packages/airflow/models/dagbag.py", line 382, in parse
    loader.exec_module(new_module)
  File "<frozen importlib._bootstrap_external>", line 995, in exec_module
  File "<frozen importlib._bootstrap>", line 488, in _call_with_frames_removed
  File "/opt/airflow/dags/homework6_etl.py", line 72, in <module>
    cursor = return_snowflake_conn()
             ^^^^^^^^^^^^^^^^^^^^^^^
  File "/opt/airflow/dags/homework6_etl.py", line 18, in return_snowflake_conn
    conn = hook.get_conn()
           ^^^^^^^^^^^^^^^
  File "/home/airflow/.local/lib/python3.12/site-packages/airflow/providers/snowflake/hooks/snowflake.py", line 300, in get_conn
    conn = connector.connect(**conn_config)
           ^^^^^^^^^^^^^^^^^^^^^^^^^^^^^^^^
  File "/home/airflow/.local/lib/python3.12/site-packages/snowflake/connector/__init__.py", line 55, in Connect
    return SnowflakeConnection(**kwargs)
           ^^^^^^^^^^^^^^^^^^^^^^^^^^^^^
  File "/home/airflow/.local/lib/python3.12/site-packages/snowflake/connector/connection.py", line 456, in __init__
    self.connect(**kwargs)
  File "/home/airflow/.local/lib/python3.12/site-packages/snowflake/connector/connection.py", line 771, in connect
    self.__open_connection()
  File "/home/airflow/.local/lib/python3.12/site-packages/snowflake/connector/connection.py", line 1099, in __open_connection
    self.authenticate_with_retry(self.auth_class)
  File "/home/airflow/.local/lib/python3.12/site-packages/snowflake/connector/connection.py", line 1386, in authenticate_with_retry
    self._authenticate(auth_instance)
  File "/home/airflow/.local/lib/python3.12/site-packages/snowflake/connector/connection.py", line 1458, in _authenticate
    raise auth_op from e
  File "/home/airflow/.local/lib/python3.12/site-packages/snowflake/connector/connection.py", line 1435, in _authenticate
    auth_instance.handle_timeout(
  File "/home/airflow/.local/lib/python3.12/site-packages/snowflake/connector/auth/by_plugin.py", line 212, in handle_timeout
    raise error
snowflake.connector.errors.OperationalError: 250001: 250001: Could not connect to Snowflake backend after 2 attempt(s).Aborting
[2025-11-06T03:16:14.387+0000] {processor.py:927} WARNING - No viable dags retrieved from /opt/airflow/dags/homework6_etl.py
[2025-11-06T03:16:14.393+0000] {processor.py:208} INFO - Processing /opt/airflow/dags/homework6_etl.py took 1.068 seconds
[2025-11-06T03:16:44.727+0000] {processor.py:186} INFO - Started process (PID=95411) to work on /opt/airflow/dags/homework6_etl.py
[2025-11-06T03:16:44.728+0000] {processor.py:914} INFO - Processing file /opt/airflow/dags/homework6_etl.py for tasks to queue
[2025-11-06T03:16:44.729+0000] {logging_mixin.py:190} INFO - [2025-11-06T03:16:44.728+0000] {dagbag.py:587} INFO - Filling up the DagBag from /opt/airflow/dags/homework6_etl.py
[2025-11-06T03:16:44.749+0000] {logging_mixin.py:190} INFO - [2025-11-06T03:16:44.749+0000] {base.py:84} INFO - Retrieving connection 'snowflake_conn'
[2025-11-06T03:16:44.750+0000] {logging_mixin.py:190} INFO - [2025-11-06T03:16:44.750+0000] {connection.py:413} INFO - Snowflake Connector for Python Version: 3.12.1, Python Version: 3.12.5, Platform: Linux-6.10.14-linuxkit-aarch64-with-glibc2.36
[2025-11-06T03:16:44.750+0000] {logging_mixin.py:190} INFO - [2025-11-06T03:16:44.750+0000] {connection.py:1196} INFO - Connecting to GLOBAL Snowflake domain
[2025-11-06T03:16:44.750+0000] {logging_mixin.py:190} INFO - [2025-11-06T03:16:44.750+0000] {connection.py:1277} INFO - This connection is in OCSP Fail Open Mode. TLS Certificates would be checked for validity and revocation status. Any other Certificate Revocation related exceptions or OCSP Responder failures would be disregarded in favor of connectivity.
[2025-11-06T03:16:45.499+0000] {processor.py:925} INFO - DAG(s) 'ETL_DAG' retrieved from /opt/airflow/dags/homework6_etl.py
[2025-11-06T03:16:45.543+0000] {logging_mixin.py:190} INFO - [2025-11-06T03:16:45.543+0000] {dag.py:3229} INFO - Sync 1 DAGs
[2025-11-06T03:16:45.552+0000] {logging_mixin.py:190} INFO - [2025-11-06T03:16:45.552+0000] {dag.py:4156} INFO - Setting next_dagrun for ETL_DAG to 2025-11-06 02:45:00+00:00, run_after=2025-11-07 02:45:00+00:00
[2025-11-06T03:16:45.559+0000] {processor.py:208} INFO - Processing /opt/airflow/dags/homework6_etl.py took 0.838 seconds
[2025-11-06T03:17:16.007+0000] {processor.py:186} INFO - Started process (PID=95442) to work on /opt/airflow/dags/homework6_etl.py
[2025-11-06T03:17:16.008+0000] {processor.py:914} INFO - Processing file /opt/airflow/dags/homework6_etl.py for tasks to queue
[2025-11-06T03:17:16.009+0000] {logging_mixin.py:190} INFO - [2025-11-06T03:17:16.008+0000] {dagbag.py:587} INFO - Filling up the DagBag from /opt/airflow/dags/homework6_etl.py
[2025-11-06T03:17:16.027+0000] {logging_mixin.py:190} INFO - [2025-11-06T03:17:16.027+0000] {base.py:84} INFO - Retrieving connection 'snowflake_conn'
[2025-11-06T03:17:16.028+0000] {logging_mixin.py:190} INFO - [2025-11-06T03:17:16.028+0000] {connection.py:413} INFO - Snowflake Connector for Python Version: 3.12.1, Python Version: 3.12.5, Platform: Linux-6.10.14-linuxkit-aarch64-with-glibc2.36
[2025-11-06T03:17:16.029+0000] {logging_mixin.py:190} INFO - [2025-11-06T03:17:16.029+0000] {connection.py:1196} INFO - Connecting to GLOBAL Snowflake domain
[2025-11-06T03:17:16.029+0000] {logging_mixin.py:190} INFO - [2025-11-06T03:17:16.029+0000] {connection.py:1277} INFO - This connection is in OCSP Fail Open Mode. TLS Certificates would be checked for validity and revocation status. Any other Certificate Revocation related exceptions or OCSP Responder failures would be disregarded in favor of connectivity.
[2025-11-06T03:17:17.380+0000] {processor.py:925} INFO - DAG(s) 'ETL_DAG' retrieved from /opt/airflow/dags/homework6_etl.py
[2025-11-06T03:17:17.435+0000] {logging_mixin.py:190} INFO - [2025-11-06T03:17:17.434+0000] {dag.py:3229} INFO - Sync 1 DAGs
[2025-11-06T03:17:17.444+0000] {logging_mixin.py:190} INFO - [2025-11-06T03:17:17.444+0000] {dag.py:4156} INFO - Setting next_dagrun for ETL_DAG to 2025-11-06 02:45:00+00:00, run_after=2025-11-07 02:45:00+00:00
[2025-11-06T03:17:17.451+0000] {processor.py:208} INFO - Processing /opt/airflow/dags/homework6_etl.py took 1.451 seconds
[2025-11-06T03:17:47.501+0000] {processor.py:186} INFO - Started process (PID=95473) to work on /opt/airflow/dags/homework6_etl.py
[2025-11-06T03:17:47.502+0000] {processor.py:914} INFO - Processing file /opt/airflow/dags/homework6_etl.py for tasks to queue
[2025-11-06T03:17:47.503+0000] {logging_mixin.py:190} INFO - [2025-11-06T03:17:47.503+0000] {dagbag.py:587} INFO - Filling up the DagBag from /opt/airflow/dags/homework6_etl.py
[2025-11-06T03:17:47.520+0000] {logging_mixin.py:190} INFO - [2025-11-06T03:17:47.519+0000] {base.py:84} INFO - Retrieving connection 'snowflake_conn'
[2025-11-06T03:17:47.520+0000] {logging_mixin.py:190} INFO - [2025-11-06T03:17:47.520+0000] {connection.py:413} INFO - Snowflake Connector for Python Version: 3.12.1, Python Version: 3.12.5, Platform: Linux-6.10.14-linuxkit-aarch64-with-glibc2.36
[2025-11-06T03:17:47.521+0000] {logging_mixin.py:190} INFO - [2025-11-06T03:17:47.521+0000] {connection.py:1196} INFO - Connecting to GLOBAL Snowflake domain
[2025-11-06T03:17:47.522+0000] {logging_mixin.py:190} INFO - [2025-11-06T03:17:47.521+0000] {connection.py:1277} INFO - This connection is in OCSP Fail Open Mode. TLS Certificates would be checked for validity and revocation status. Any other Certificate Revocation related exceptions or OCSP Responder failures would be disregarded in favor of connectivity.
[2025-11-06T03:17:48.162+0000] {processor.py:925} INFO - DAG(s) 'ETL_DAG' retrieved from /opt/airflow/dags/homework6_etl.py
[2025-11-06T03:17:48.207+0000] {logging_mixin.py:190} INFO - [2025-11-06T03:17:48.207+0000] {dag.py:3229} INFO - Sync 1 DAGs
[2025-11-06T03:17:48.216+0000] {logging_mixin.py:190} INFO - [2025-11-06T03:17:48.215+0000] {dag.py:4156} INFO - Setting next_dagrun for ETL_DAG to 2025-11-06 02:45:00+00:00, run_after=2025-11-07 02:45:00+00:00
[2025-11-06T03:17:48.221+0000] {processor.py:208} INFO - Processing /opt/airflow/dags/homework6_etl.py took 0.726 seconds
[2025-11-06T03:18:19.005+0000] {processor.py:186} INFO - Started process (PID=95504) to work on /opt/airflow/dags/homework6_etl.py
[2025-11-06T03:18:19.006+0000] {processor.py:914} INFO - Processing file /opt/airflow/dags/homework6_etl.py for tasks to queue
[2025-11-06T03:18:19.007+0000] {logging_mixin.py:190} INFO - [2025-11-06T03:18:19.006+0000] {dagbag.py:587} INFO - Filling up the DagBag from /opt/airflow/dags/homework6_etl.py
[2025-11-06T03:18:19.024+0000] {logging_mixin.py:190} INFO - [2025-11-06T03:18:19.024+0000] {base.py:84} INFO - Retrieving connection 'snowflake_conn'
[2025-11-06T03:18:19.025+0000] {logging_mixin.py:190} INFO - [2025-11-06T03:18:19.025+0000] {connection.py:413} INFO - Snowflake Connector for Python Version: 3.12.1, Python Version: 3.12.5, Platform: Linux-6.10.14-linuxkit-aarch64-with-glibc2.36
[2025-11-06T03:18:19.027+0000] {logging_mixin.py:190} INFO - [2025-11-06T03:18:19.027+0000] {connection.py:1196} INFO - Connecting to GLOBAL Snowflake domain
[2025-11-06T03:18:19.027+0000] {logging_mixin.py:190} INFO - [2025-11-06T03:18:19.027+0000] {connection.py:1277} INFO - This connection is in OCSP Fail Open Mode. TLS Certificates would be checked for validity and revocation status. Any other Certificate Revocation related exceptions or OCSP Responder failures would be disregarded in favor of connectivity.
[2025-11-06T03:18:19.519+0000] {processor.py:925} INFO - DAG(s) 'ETL_DAG' retrieved from /opt/airflow/dags/homework6_etl.py
[2025-11-06T03:18:19.581+0000] {logging_mixin.py:190} INFO - [2025-11-06T03:18:19.580+0000] {dag.py:3229} INFO - Sync 1 DAGs
[2025-11-06T03:18:19.589+0000] {logging_mixin.py:190} INFO - [2025-11-06T03:18:19.589+0000] {dag.py:4156} INFO - Setting next_dagrun for ETL_DAG to 2025-11-06 02:45:00+00:00, run_after=2025-11-07 02:45:00+00:00
[2025-11-06T03:18:19.594+0000] {processor.py:208} INFO - Processing /opt/airflow/dags/homework6_etl.py took 0.595 seconds
[2025-11-06T03:18:50.322+0000] {processor.py:186} INFO - Started process (PID=95535) to work on /opt/airflow/dags/homework6_etl.py
[2025-11-06T03:18:50.323+0000] {processor.py:914} INFO - Processing file /opt/airflow/dags/homework6_etl.py for tasks to queue
[2025-11-06T03:18:50.324+0000] {logging_mixin.py:190} INFO - [2025-11-06T03:18:50.324+0000] {dagbag.py:587} INFO - Filling up the DagBag from /opt/airflow/dags/homework6_etl.py
[2025-11-06T03:18:50.340+0000] {logging_mixin.py:190} INFO - [2025-11-06T03:18:50.340+0000] {base.py:84} INFO - Retrieving connection 'snowflake_conn'
[2025-11-06T03:18:50.340+0000] {logging_mixin.py:190} INFO - [2025-11-06T03:18:50.340+0000] {connection.py:413} INFO - Snowflake Connector for Python Version: 3.12.1, Python Version: 3.12.5, Platform: Linux-6.10.14-linuxkit-aarch64-with-glibc2.36
[2025-11-06T03:18:50.342+0000] {logging_mixin.py:190} INFO - [2025-11-06T03:18:50.342+0000] {connection.py:1196} INFO - Connecting to GLOBAL Snowflake domain
[2025-11-06T03:18:50.342+0000] {logging_mixin.py:190} INFO - [2025-11-06T03:18:50.342+0000] {connection.py:1277} INFO - This connection is in OCSP Fail Open Mode. TLS Certificates would be checked for validity and revocation status. Any other Certificate Revocation related exceptions or OCSP Responder failures would be disregarded in favor of connectivity.
[2025-11-06T03:18:50.747+0000] {processor.py:925} INFO - DAG(s) 'ETL_DAG' retrieved from /opt/airflow/dags/homework6_etl.py
[2025-11-06T03:18:50.799+0000] {logging_mixin.py:190} INFO - [2025-11-06T03:18:50.799+0000] {dag.py:3229} INFO - Sync 1 DAGs
[2025-11-06T03:18:50.807+0000] {logging_mixin.py:190} INFO - [2025-11-06T03:18:50.807+0000] {dag.py:4156} INFO - Setting next_dagrun for ETL_DAG to 2025-11-06 02:45:00+00:00, run_after=2025-11-07 02:45:00+00:00
[2025-11-06T03:18:50.816+0000] {processor.py:208} INFO - Processing /opt/airflow/dags/homework6_etl.py took 0.500 seconds
[2025-11-06T03:19:21.253+0000] {processor.py:186} INFO - Started process (PID=95566) to work on /opt/airflow/dags/homework6_etl.py
[2025-11-06T03:19:21.254+0000] {processor.py:914} INFO - Processing file /opt/airflow/dags/homework6_etl.py for tasks to queue
[2025-11-06T03:19:21.255+0000] {logging_mixin.py:190} INFO - [2025-11-06T03:19:21.255+0000] {dagbag.py:587} INFO - Filling up the DagBag from /opt/airflow/dags/homework6_etl.py
[2025-11-06T03:19:21.268+0000] {logging_mixin.py:190} INFO - [2025-11-06T03:19:21.267+0000] {base.py:84} INFO - Retrieving connection 'snowflake_conn'
[2025-11-06T03:19:21.268+0000] {logging_mixin.py:190} INFO - [2025-11-06T03:19:21.268+0000] {connection.py:413} INFO - Snowflake Connector for Python Version: 3.12.1, Python Version: 3.12.5, Platform: Linux-6.10.14-linuxkit-aarch64-with-glibc2.36
[2025-11-06T03:19:21.269+0000] {logging_mixin.py:190} INFO - [2025-11-06T03:19:21.269+0000] {connection.py:1196} INFO - Connecting to GLOBAL Snowflake domain
[2025-11-06T03:19:21.269+0000] {logging_mixin.py:190} INFO - [2025-11-06T03:19:21.269+0000] {connection.py:1277} INFO - This connection is in OCSP Fail Open Mode. TLS Certificates would be checked for validity and revocation status. Any other Certificate Revocation related exceptions or OCSP Responder failures would be disregarded in favor of connectivity.
[2025-11-06T03:19:21.598+0000] {processor.py:925} INFO - DAG(s) 'ETL_DAG' retrieved from /opt/airflow/dags/homework6_etl.py
[2025-11-06T03:19:21.638+0000] {logging_mixin.py:190} INFO - [2025-11-06T03:19:21.638+0000] {dag.py:3229} INFO - Sync 1 DAGs
[2025-11-06T03:19:21.648+0000] {logging_mixin.py:190} INFO - [2025-11-06T03:19:21.648+0000] {dag.py:4156} INFO - Setting next_dagrun for ETL_DAG to 2025-11-06 02:45:00+00:00, run_after=2025-11-07 02:45:00+00:00
[2025-11-06T03:19:21.653+0000] {processor.py:208} INFO - Processing /opt/airflow/dags/homework6_etl.py took 0.403 seconds
[2025-11-06T03:19:52.106+0000] {processor.py:186} INFO - Started process (PID=95597) to work on /opt/airflow/dags/homework6_etl.py
[2025-11-06T03:19:52.107+0000] {processor.py:914} INFO - Processing file /opt/airflow/dags/homework6_etl.py for tasks to queue
[2025-11-06T03:19:52.108+0000] {logging_mixin.py:190} INFO - [2025-11-06T03:19:52.108+0000] {dagbag.py:587} INFO - Filling up the DagBag from /opt/airflow/dags/homework6_etl.py
[2025-11-06T03:19:52.124+0000] {logging_mixin.py:190} INFO - [2025-11-06T03:19:52.124+0000] {base.py:84} INFO - Retrieving connection 'snowflake_conn'
[2025-11-06T03:19:52.125+0000] {logging_mixin.py:190} INFO - [2025-11-06T03:19:52.125+0000] {connection.py:413} INFO - Snowflake Connector for Python Version: 3.12.1, Python Version: 3.12.5, Platform: Linux-6.10.14-linuxkit-aarch64-with-glibc2.36
[2025-11-06T03:19:52.126+0000] {logging_mixin.py:190} INFO - [2025-11-06T03:19:52.126+0000] {connection.py:1196} INFO - Connecting to GLOBAL Snowflake domain
[2025-11-06T03:19:52.127+0000] {logging_mixin.py:190} INFO - [2025-11-06T03:19:52.126+0000] {connection.py:1277} INFO - This connection is in OCSP Fail Open Mode. TLS Certificates would be checked for validity and revocation status. Any other Certificate Revocation related exceptions or OCSP Responder failures would be disregarded in favor of connectivity.
[2025-11-06T03:19:52.552+0000] {processor.py:925} INFO - DAG(s) 'ETL_DAG' retrieved from /opt/airflow/dags/homework6_etl.py
[2025-11-06T03:19:52.601+0000] {logging_mixin.py:190} INFO - [2025-11-06T03:19:52.601+0000] {dag.py:3229} INFO - Sync 1 DAGs
[2025-11-06T03:19:52.612+0000] {logging_mixin.py:190} INFO - [2025-11-06T03:19:52.612+0000] {dag.py:4156} INFO - Setting next_dagrun for ETL_DAG to 2025-11-06 02:45:00+00:00, run_after=2025-11-07 02:45:00+00:00
[2025-11-06T03:19:52.619+0000] {processor.py:208} INFO - Processing /opt/airflow/dags/homework6_etl.py took 0.518 seconds
[2025-11-06T03:20:23.039+0000] {processor.py:186} INFO - Started process (PID=95628) to work on /opt/airflow/dags/homework6_etl.py
[2025-11-06T03:20:23.040+0000] {processor.py:914} INFO - Processing file /opt/airflow/dags/homework6_etl.py for tasks to queue
[2025-11-06T03:20:23.041+0000] {logging_mixin.py:190} INFO - [2025-11-06T03:20:23.041+0000] {dagbag.py:587} INFO - Filling up the DagBag from /opt/airflow/dags/homework6_etl.py
[2025-11-06T03:20:23.060+0000] {logging_mixin.py:190} INFO - [2025-11-06T03:20:23.060+0000] {base.py:84} INFO - Retrieving connection 'snowflake_conn'
[2025-11-06T03:20:23.062+0000] {logging_mixin.py:190} INFO - [2025-11-06T03:20:23.062+0000] {connection.py:413} INFO - Snowflake Connector for Python Version: 3.12.1, Python Version: 3.12.5, Platform: Linux-6.10.14-linuxkit-aarch64-with-glibc2.36
[2025-11-06T03:20:23.062+0000] {logging_mixin.py:190} INFO - [2025-11-06T03:20:23.062+0000] {connection.py:1196} INFO - Connecting to GLOBAL Snowflake domain
[2025-11-06T03:20:23.063+0000] {logging_mixin.py:190} INFO - [2025-11-06T03:20:23.063+0000] {connection.py:1277} INFO - This connection is in OCSP Fail Open Mode. TLS Certificates would be checked for validity and revocation status. Any other Certificate Revocation related exceptions or OCSP Responder failures would be disregarded in favor of connectivity.
[2025-11-06T03:20:23.444+0000] {processor.py:925} INFO - DAG(s) 'ETL_DAG' retrieved from /opt/airflow/dags/homework6_etl.py
[2025-11-06T03:20:23.490+0000] {logging_mixin.py:190} INFO - [2025-11-06T03:20:23.490+0000] {dag.py:3229} INFO - Sync 1 DAGs
[2025-11-06T03:20:23.500+0000] {logging_mixin.py:190} INFO - [2025-11-06T03:20:23.499+0000] {dag.py:4156} INFO - Setting next_dagrun for ETL_DAG to 2025-11-06 02:45:00+00:00, run_after=2025-11-07 02:45:00+00:00
[2025-11-06T03:20:23.508+0000] {processor.py:208} INFO - Processing /opt/airflow/dags/homework6_etl.py took 0.475 seconds
[2025-11-06T03:20:53.927+0000] {processor.py:186} INFO - Started process (PID=95659) to work on /opt/airflow/dags/homework6_etl.py
[2025-11-06T03:20:53.928+0000] {processor.py:914} INFO - Processing file /opt/airflow/dags/homework6_etl.py for tasks to queue
[2025-11-06T03:20:53.928+0000] {logging_mixin.py:190} INFO - [2025-11-06T03:20:53.928+0000] {dagbag.py:587} INFO - Filling up the DagBag from /opt/airflow/dags/homework6_etl.py
[2025-11-06T03:20:53.937+0000] {logging_mixin.py:190} INFO - [2025-11-06T03:20:53.937+0000] {base.py:84} INFO - Retrieving connection 'snowflake_conn'
[2025-11-06T03:20:53.938+0000] {logging_mixin.py:190} INFO - [2025-11-06T03:20:53.938+0000] {connection.py:413} INFO - Snowflake Connector for Python Version: 3.12.1, Python Version: 3.12.5, Platform: Linux-6.10.14-linuxkit-aarch64-with-glibc2.36
[2025-11-06T03:20:53.940+0000] {logging_mixin.py:190} INFO - [2025-11-06T03:20:53.940+0000] {connection.py:1196} INFO - Connecting to GLOBAL Snowflake domain
[2025-11-06T03:20:53.940+0000] {logging_mixin.py:190} INFO - [2025-11-06T03:20:53.940+0000] {connection.py:1277} INFO - This connection is in OCSP Fail Open Mode. TLS Certificates would be checked for validity and revocation status. Any other Certificate Revocation related exceptions or OCSP Responder failures would be disregarded in favor of connectivity.
[2025-11-06T03:20:54.413+0000] {processor.py:925} INFO - DAG(s) 'ETL_DAG' retrieved from /opt/airflow/dags/homework6_etl.py
[2025-11-06T03:20:54.450+0000] {logging_mixin.py:190} INFO - [2025-11-06T03:20:54.449+0000] {dag.py:3229} INFO - Sync 1 DAGs
[2025-11-06T03:20:54.457+0000] {logging_mixin.py:190} INFO - [2025-11-06T03:20:54.457+0000] {dag.py:4156} INFO - Setting next_dagrun for ETL_DAG to 2025-11-06 02:45:00+00:00, run_after=2025-11-07 02:45:00+00:00
[2025-11-06T03:20:54.462+0000] {processor.py:208} INFO - Processing /opt/airflow/dags/homework6_etl.py took 0.537 seconds
[2025-11-06T03:21:24.889+0000] {processor.py:186} INFO - Started process (PID=95690) to work on /opt/airflow/dags/homework6_etl.py
[2025-11-06T03:21:24.892+0000] {processor.py:914} INFO - Processing file /opt/airflow/dags/homework6_etl.py for tasks to queue
[2025-11-06T03:21:24.893+0000] {logging_mixin.py:190} INFO - [2025-11-06T03:21:24.893+0000] {dagbag.py:587} INFO - Filling up the DagBag from /opt/airflow/dags/homework6_etl.py
[2025-11-06T03:21:24.911+0000] {logging_mixin.py:190} INFO - [2025-11-06T03:21:24.910+0000] {base.py:84} INFO - Retrieving connection 'snowflake_conn'
[2025-11-06T03:21:24.911+0000] {logging_mixin.py:190} INFO - [2025-11-06T03:21:24.911+0000] {connection.py:413} INFO - Snowflake Connector for Python Version: 3.12.1, Python Version: 3.12.5, Platform: Linux-6.10.14-linuxkit-aarch64-with-glibc2.36
[2025-11-06T03:21:24.913+0000] {logging_mixin.py:190} INFO - [2025-11-06T03:21:24.913+0000] {connection.py:1196} INFO - Connecting to GLOBAL Snowflake domain
[2025-11-06T03:21:24.913+0000] {logging_mixin.py:190} INFO - [2025-11-06T03:21:24.913+0000] {connection.py:1277} INFO - This connection is in OCSP Fail Open Mode. TLS Certificates would be checked for validity and revocation status. Any other Certificate Revocation related exceptions or OCSP Responder failures would be disregarded in favor of connectivity.
[2025-11-06T03:21:25.282+0000] {processor.py:925} INFO - DAG(s) 'ETL_DAG' retrieved from /opt/airflow/dags/homework6_etl.py
[2025-11-06T03:21:25.323+0000] {logging_mixin.py:190} INFO - [2025-11-06T03:21:25.323+0000] {dag.py:3229} INFO - Sync 1 DAGs
[2025-11-06T03:21:25.330+0000] {logging_mixin.py:190} INFO - [2025-11-06T03:21:25.330+0000] {dag.py:4156} INFO - Setting next_dagrun for ETL_DAG to 2025-11-06 02:45:00+00:00, run_after=2025-11-07 02:45:00+00:00
[2025-11-06T03:21:25.335+0000] {processor.py:208} INFO - Processing /opt/airflow/dags/homework6_etl.py took 0.459 seconds
[2025-11-06T03:21:55.743+0000] {processor.py:186} INFO - Started process (PID=95721) to work on /opt/airflow/dags/homework6_etl.py
[2025-11-06T03:21:55.744+0000] {processor.py:914} INFO - Processing file /opt/airflow/dags/homework6_etl.py for tasks to queue
[2025-11-06T03:21:55.744+0000] {logging_mixin.py:190} INFO - [2025-11-06T03:21:55.744+0000] {dagbag.py:587} INFO - Filling up the DagBag from /opt/airflow/dags/homework6_etl.py
[2025-11-06T03:21:55.759+0000] {logging_mixin.py:190} INFO - [2025-11-06T03:21:55.759+0000] {base.py:84} INFO - Retrieving connection 'snowflake_conn'
[2025-11-06T03:21:55.760+0000] {logging_mixin.py:190} INFO - [2025-11-06T03:21:55.760+0000] {connection.py:413} INFO - Snowflake Connector for Python Version: 3.12.1, Python Version: 3.12.5, Platform: Linux-6.10.14-linuxkit-aarch64-with-glibc2.36
[2025-11-06T03:21:55.760+0000] {logging_mixin.py:190} INFO - [2025-11-06T03:21:55.760+0000] {connection.py:1196} INFO - Connecting to GLOBAL Snowflake domain
[2025-11-06T03:21:55.762+0000] {logging_mixin.py:190} INFO - [2025-11-06T03:21:55.761+0000] {connection.py:1277} INFO - This connection is in OCSP Fail Open Mode. TLS Certificates would be checked for validity and revocation status. Any other Certificate Revocation related exceptions or OCSP Responder failures would be disregarded in favor of connectivity.
[2025-11-06T03:21:56.082+0000] {processor.py:925} INFO - DAG(s) 'ETL_DAG' retrieved from /opt/airflow/dags/homework6_etl.py
[2025-11-06T03:21:56.134+0000] {logging_mixin.py:190} INFO - [2025-11-06T03:21:56.134+0000] {dag.py:3229} INFO - Sync 1 DAGs
[2025-11-06T03:21:56.141+0000] {logging_mixin.py:190} INFO - [2025-11-06T03:21:56.141+0000] {dag.py:4156} INFO - Setting next_dagrun for ETL_DAG to 2025-11-06 02:45:00+00:00, run_after=2025-11-07 02:45:00+00:00
[2025-11-06T03:21:56.150+0000] {processor.py:208} INFO - Processing /opt/airflow/dags/homework6_etl.py took 0.412 seconds
[2025-11-06T03:22:26.560+0000] {processor.py:186} INFO - Started process (PID=95752) to work on /opt/airflow/dags/homework6_etl.py
[2025-11-06T03:22:26.560+0000] {processor.py:914} INFO - Processing file /opt/airflow/dags/homework6_etl.py for tasks to queue
[2025-11-06T03:22:26.561+0000] {logging_mixin.py:190} INFO - [2025-11-06T03:22:26.561+0000] {dagbag.py:587} INFO - Filling up the DagBag from /opt/airflow/dags/homework6_etl.py
[2025-11-06T03:22:26.573+0000] {logging_mixin.py:190} INFO - [2025-11-06T03:22:26.573+0000] {base.py:84} INFO - Retrieving connection 'snowflake_conn'
[2025-11-06T03:22:26.574+0000] {logging_mixin.py:190} INFO - [2025-11-06T03:22:26.574+0000] {connection.py:413} INFO - Snowflake Connector for Python Version: 3.12.1, Python Version: 3.12.5, Platform: Linux-6.10.14-linuxkit-aarch64-with-glibc2.36
[2025-11-06T03:22:26.575+0000] {logging_mixin.py:190} INFO - [2025-11-06T03:22:26.575+0000] {connection.py:1196} INFO - Connecting to GLOBAL Snowflake domain
[2025-11-06T03:22:26.575+0000] {logging_mixin.py:190} INFO - [2025-11-06T03:22:26.575+0000] {connection.py:1277} INFO - This connection is in OCSP Fail Open Mode. TLS Certificates would be checked for validity and revocation status. Any other Certificate Revocation related exceptions or OCSP Responder failures would be disregarded in favor of connectivity.
[2025-11-06T03:22:26.903+0000] {processor.py:925} INFO - DAG(s) 'ETL_DAG' retrieved from /opt/airflow/dags/homework6_etl.py
[2025-11-06T03:22:26.956+0000] {logging_mixin.py:190} INFO - [2025-11-06T03:22:26.955+0000] {dag.py:3229} INFO - Sync 1 DAGs
[2025-11-06T03:22:26.963+0000] {logging_mixin.py:190} INFO - [2025-11-06T03:22:26.963+0000] {dag.py:4156} INFO - Setting next_dagrun for ETL_DAG to 2025-11-06 02:45:00+00:00, run_after=2025-11-07 02:45:00+00:00
[2025-11-06T03:22:26.969+0000] {processor.py:208} INFO - Processing /opt/airflow/dags/homework6_etl.py took 0.415 seconds
[2025-11-06T03:22:57.377+0000] {processor.py:186} INFO - Started process (PID=95783) to work on /opt/airflow/dags/homework6_etl.py
[2025-11-06T03:22:57.378+0000] {processor.py:914} INFO - Processing file /opt/airflow/dags/homework6_etl.py for tasks to queue
[2025-11-06T03:22:57.379+0000] {logging_mixin.py:190} INFO - [2025-11-06T03:22:57.379+0000] {dagbag.py:587} INFO - Filling up the DagBag from /opt/airflow/dags/homework6_etl.py
[2025-11-06T03:22:57.400+0000] {logging_mixin.py:190} INFO - [2025-11-06T03:22:57.400+0000] {base.py:84} INFO - Retrieving connection 'snowflake_conn'
[2025-11-06T03:22:57.400+0000] {logging_mixin.py:190} INFO - [2025-11-06T03:22:57.400+0000] {connection.py:413} INFO - Snowflake Connector for Python Version: 3.12.1, Python Version: 3.12.5, Platform: Linux-6.10.14-linuxkit-aarch64-with-glibc2.36
[2025-11-06T03:22:57.402+0000] {logging_mixin.py:190} INFO - [2025-11-06T03:22:57.402+0000] {connection.py:1196} INFO - Connecting to GLOBAL Snowflake domain
[2025-11-06T03:22:57.402+0000] {logging_mixin.py:190} INFO - [2025-11-06T03:22:57.402+0000] {connection.py:1277} INFO - This connection is in OCSP Fail Open Mode. TLS Certificates would be checked for validity and revocation status. Any other Certificate Revocation related exceptions or OCSP Responder failures would be disregarded in favor of connectivity.
[2025-11-06T03:22:57.736+0000] {processor.py:925} INFO - DAG(s) 'ETL_DAG' retrieved from /opt/airflow/dags/homework6_etl.py
[2025-11-06T03:22:57.786+0000] {logging_mixin.py:190} INFO - [2025-11-06T03:22:57.786+0000] {dag.py:3229} INFO - Sync 1 DAGs
[2025-11-06T03:22:57.794+0000] {logging_mixin.py:190} INFO - [2025-11-06T03:22:57.794+0000] {dag.py:4156} INFO - Setting next_dagrun for ETL_DAG to 2025-11-06 02:45:00+00:00, run_after=2025-11-07 02:45:00+00:00
[2025-11-06T03:22:57.801+0000] {processor.py:208} INFO - Processing /opt/airflow/dags/homework6_etl.py took 0.429 seconds
[2025-11-06T03:23:28.157+0000] {processor.py:186} INFO - Started process (PID=95814) to work on /opt/airflow/dags/homework6_etl.py
[2025-11-06T03:23:28.159+0000] {processor.py:914} INFO - Processing file /opt/airflow/dags/homework6_etl.py for tasks to queue
[2025-11-06T03:23:28.160+0000] {logging_mixin.py:190} INFO - [2025-11-06T03:23:28.160+0000] {dagbag.py:587} INFO - Filling up the DagBag from /opt/airflow/dags/homework6_etl.py
[2025-11-06T03:23:28.172+0000] {logging_mixin.py:190} INFO - [2025-11-06T03:23:28.172+0000] {base.py:84} INFO - Retrieving connection 'snowflake_conn'
[2025-11-06T03:23:28.173+0000] {logging_mixin.py:190} INFO - [2025-11-06T03:23:28.173+0000] {connection.py:413} INFO - Snowflake Connector for Python Version: 3.12.1, Python Version: 3.12.5, Platform: Linux-6.10.14-linuxkit-aarch64-with-glibc2.36
[2025-11-06T03:23:28.174+0000] {logging_mixin.py:190} INFO - [2025-11-06T03:23:28.173+0000] {connection.py:1196} INFO - Connecting to GLOBAL Snowflake domain
[2025-11-06T03:23:28.174+0000] {logging_mixin.py:190} INFO - [2025-11-06T03:23:28.174+0000] {connection.py:1277} INFO - This connection is in OCSP Fail Open Mode. TLS Certificates would be checked for validity and revocation status. Any other Certificate Revocation related exceptions or OCSP Responder failures would be disregarded in favor of connectivity.
[2025-11-06T03:23:28.505+0000] {processor.py:925} INFO - DAG(s) 'ETL_DAG' retrieved from /opt/airflow/dags/homework6_etl.py
[2025-11-06T03:23:28.560+0000] {logging_mixin.py:190} INFO - [2025-11-06T03:23:28.560+0000] {dag.py:3229} INFO - Sync 1 DAGs
[2025-11-06T03:23:28.569+0000] {logging_mixin.py:190} INFO - [2025-11-06T03:23:28.568+0000] {dag.py:4156} INFO - Setting next_dagrun for ETL_DAG to 2025-11-06 02:45:00+00:00, run_after=2025-11-07 02:45:00+00:00
[2025-11-06T03:23:28.577+0000] {processor.py:208} INFO - Processing /opt/airflow/dags/homework6_etl.py took 0.425 seconds
[2025-11-06T03:23:59.008+0000] {processor.py:186} INFO - Started process (PID=95845) to work on /opt/airflow/dags/homework6_etl.py
[2025-11-06T03:23:59.009+0000] {processor.py:914} INFO - Processing file /opt/airflow/dags/homework6_etl.py for tasks to queue
[2025-11-06T03:23:59.010+0000] {logging_mixin.py:190} INFO - [2025-11-06T03:23:59.010+0000] {dagbag.py:587} INFO - Filling up the DagBag from /opt/airflow/dags/homework6_etl.py
[2025-11-06T03:23:59.028+0000] {logging_mixin.py:190} INFO - [2025-11-06T03:23:59.028+0000] {base.py:84} INFO - Retrieving connection 'snowflake_conn'
[2025-11-06T03:23:59.029+0000] {logging_mixin.py:190} INFO - [2025-11-06T03:23:59.029+0000] {connection.py:413} INFO - Snowflake Connector for Python Version: 3.12.1, Python Version: 3.12.5, Platform: Linux-6.10.14-linuxkit-aarch64-with-glibc2.36
[2025-11-06T03:23:59.030+0000] {logging_mixin.py:190} INFO - [2025-11-06T03:23:59.030+0000] {connection.py:1196} INFO - Connecting to GLOBAL Snowflake domain
[2025-11-06T03:23:59.030+0000] {logging_mixin.py:190} INFO - [2025-11-06T03:23:59.030+0000] {connection.py:1277} INFO - This connection is in OCSP Fail Open Mode. TLS Certificates would be checked for validity and revocation status. Any other Certificate Revocation related exceptions or OCSP Responder failures would be disregarded in favor of connectivity.
[2025-11-06T03:23:59.381+0000] {processor.py:925} INFO - DAG(s) 'ETL_DAG' retrieved from /opt/airflow/dags/homework6_etl.py
[2025-11-06T03:23:59.431+0000] {logging_mixin.py:190} INFO - [2025-11-06T03:23:59.431+0000] {dag.py:3229} INFO - Sync 1 DAGs
[2025-11-06T03:23:59.439+0000] {logging_mixin.py:190} INFO - [2025-11-06T03:23:59.439+0000] {dag.py:4156} INFO - Setting next_dagrun for ETL_DAG to 2025-11-06 02:45:00+00:00, run_after=2025-11-07 02:45:00+00:00
[2025-11-06T03:23:59.445+0000] {processor.py:208} INFO - Processing /opt/airflow/dags/homework6_etl.py took 0.442 seconds
[2025-11-06T03:24:29.861+0000] {processor.py:186} INFO - Started process (PID=95876) to work on /opt/airflow/dags/homework6_etl.py
[2025-11-06T03:24:29.863+0000] {processor.py:914} INFO - Processing file /opt/airflow/dags/homework6_etl.py for tasks to queue
[2025-11-06T03:24:29.864+0000] {logging_mixin.py:190} INFO - [2025-11-06T03:24:29.864+0000] {dagbag.py:587} INFO - Filling up the DagBag from /opt/airflow/dags/homework6_etl.py
[2025-11-06T03:24:29.881+0000] {logging_mixin.py:190} INFO - [2025-11-06T03:24:29.881+0000] {base.py:84} INFO - Retrieving connection 'snowflake_conn'
[2025-11-06T03:24:29.882+0000] {logging_mixin.py:190} INFO - [2025-11-06T03:24:29.882+0000] {connection.py:413} INFO - Snowflake Connector for Python Version: 3.12.1, Python Version: 3.12.5, Platform: Linux-6.10.14-linuxkit-aarch64-with-glibc2.36
[2025-11-06T03:24:29.883+0000] {logging_mixin.py:190} INFO - [2025-11-06T03:24:29.883+0000] {connection.py:1196} INFO - Connecting to GLOBAL Snowflake domain
[2025-11-06T03:24:29.883+0000] {logging_mixin.py:190} INFO - [2025-11-06T03:24:29.883+0000] {connection.py:1277} INFO - This connection is in OCSP Fail Open Mode. TLS Certificates would be checked for validity and revocation status. Any other Certificate Revocation related exceptions or OCSP Responder failures would be disregarded in favor of connectivity.
[2025-11-06T03:24:30.236+0000] {processor.py:925} INFO - DAG(s) 'ETL_DAG' retrieved from /opt/airflow/dags/homework6_etl.py
[2025-11-06T03:24:30.287+0000] {logging_mixin.py:190} INFO - [2025-11-06T03:24:30.287+0000] {dag.py:3229} INFO - Sync 1 DAGs
[2025-11-06T03:24:30.293+0000] {logging_mixin.py:190} INFO - [2025-11-06T03:24:30.293+0000] {dag.py:4156} INFO - Setting next_dagrun for ETL_DAG to 2025-11-06 02:45:00+00:00, run_after=2025-11-07 02:45:00+00:00
[2025-11-06T03:24:30.301+0000] {processor.py:208} INFO - Processing /opt/airflow/dags/homework6_etl.py took 0.446 seconds
[2025-11-06T03:25:00.747+0000] {processor.py:186} INFO - Started process (PID=95907) to work on /opt/airflow/dags/homework6_etl.py
[2025-11-06T03:25:00.748+0000] {processor.py:914} INFO - Processing file /opt/airflow/dags/homework6_etl.py for tasks to queue
[2025-11-06T03:25:00.749+0000] {logging_mixin.py:190} INFO - [2025-11-06T03:25:00.749+0000] {dagbag.py:587} INFO - Filling up the DagBag from /opt/airflow/dags/homework6_etl.py
[2025-11-06T03:25:00.762+0000] {logging_mixin.py:190} INFO - [2025-11-06T03:25:00.762+0000] {base.py:84} INFO - Retrieving connection 'snowflake_conn'
[2025-11-06T03:25:00.762+0000] {logging_mixin.py:190} INFO - [2025-11-06T03:25:00.762+0000] {connection.py:413} INFO - Snowflake Connector for Python Version: 3.12.1, Python Version: 3.12.5, Platform: Linux-6.10.14-linuxkit-aarch64-with-glibc2.36
[2025-11-06T03:25:00.764+0000] {logging_mixin.py:190} INFO - [2025-11-06T03:25:00.764+0000] {connection.py:1196} INFO - Connecting to GLOBAL Snowflake domain
[2025-11-06T03:25:00.764+0000] {logging_mixin.py:190} INFO - [2025-11-06T03:25:00.764+0000] {connection.py:1277} INFO - This connection is in OCSP Fail Open Mode. TLS Certificates would be checked for validity and revocation status. Any other Certificate Revocation related exceptions or OCSP Responder failures would be disregarded in favor of connectivity.
[2025-11-06T03:25:01.351+0000] {processor.py:925} INFO - DAG(s) 'ETL_DAG' retrieved from /opt/airflow/dags/homework6_etl.py
[2025-11-06T03:25:01.411+0000] {logging_mixin.py:190} INFO - [2025-11-06T03:25:01.411+0000] {dag.py:3229} INFO - Sync 1 DAGs
[2025-11-06T03:25:01.418+0000] {logging_mixin.py:190} INFO - [2025-11-06T03:25:01.418+0000] {dag.py:4156} INFO - Setting next_dagrun for ETL_DAG to 2025-11-06 02:45:00+00:00, run_after=2025-11-07 02:45:00+00:00
[2025-11-06T03:25:01.424+0000] {processor.py:208} INFO - Processing /opt/airflow/dags/homework6_etl.py took 0.682 seconds
[2025-11-06T03:25:31.847+0000] {processor.py:186} INFO - Started process (PID=95938) to work on /opt/airflow/dags/homework6_etl.py
[2025-11-06T03:25:31.847+0000] {processor.py:914} INFO - Processing file /opt/airflow/dags/homework6_etl.py for tasks to queue
[2025-11-06T03:25:31.848+0000] {logging_mixin.py:190} INFO - [2025-11-06T03:25:31.848+0000] {dagbag.py:587} INFO - Filling up the DagBag from /opt/airflow/dags/homework6_etl.py
[2025-11-06T03:25:31.860+0000] {logging_mixin.py:190} INFO - [2025-11-06T03:25:31.860+0000] {base.py:84} INFO - Retrieving connection 'snowflake_conn'
[2025-11-06T03:25:31.861+0000] {logging_mixin.py:190} INFO - [2025-11-06T03:25:31.861+0000] {connection.py:413} INFO - Snowflake Connector for Python Version: 3.12.1, Python Version: 3.12.5, Platform: Linux-6.10.14-linuxkit-aarch64-with-glibc2.36
[2025-11-06T03:25:31.861+0000] {logging_mixin.py:190} INFO - [2025-11-06T03:25:31.861+0000] {connection.py:1196} INFO - Connecting to GLOBAL Snowflake domain
[2025-11-06T03:25:31.862+0000] {logging_mixin.py:190} INFO - [2025-11-06T03:25:31.862+0000] {connection.py:1277} INFO - This connection is in OCSP Fail Open Mode. TLS Certificates would be checked for validity and revocation status. Any other Certificate Revocation related exceptions or OCSP Responder failures would be disregarded in favor of connectivity.
[2025-11-06T03:25:32.166+0000] {processor.py:925} INFO - DAG(s) 'ETL_DAG' retrieved from /opt/airflow/dags/homework6_etl.py
[2025-11-06T03:25:32.221+0000] {logging_mixin.py:190} INFO - [2025-11-06T03:25:32.221+0000] {dag.py:3229} INFO - Sync 1 DAGs
[2025-11-06T03:25:32.229+0000] {logging_mixin.py:190} INFO - [2025-11-06T03:25:32.229+0000] {dag.py:4156} INFO - Setting next_dagrun for ETL_DAG to 2025-11-06 02:45:00+00:00, run_after=2025-11-07 02:45:00+00:00
[2025-11-06T03:25:32.237+0000] {processor.py:208} INFO - Processing /opt/airflow/dags/homework6_etl.py took 0.393 seconds
[2025-11-06T03:26:02.658+0000] {processor.py:186} INFO - Started process (PID=95969) to work on /opt/airflow/dags/homework6_etl.py
[2025-11-06T03:26:02.660+0000] {processor.py:914} INFO - Processing file /opt/airflow/dags/homework6_etl.py for tasks to queue
[2025-11-06T03:26:02.662+0000] {logging_mixin.py:190} INFO - [2025-11-06T03:26:02.662+0000] {dagbag.py:587} INFO - Filling up the DagBag from /opt/airflow/dags/homework6_etl.py
[2025-11-06T03:26:02.676+0000] {logging_mixin.py:190} INFO - [2025-11-06T03:26:02.676+0000] {base.py:84} INFO - Retrieving connection 'snowflake_conn'
[2025-11-06T03:26:02.677+0000] {logging_mixin.py:190} INFO - [2025-11-06T03:26:02.676+0000] {connection.py:413} INFO - Snowflake Connector for Python Version: 3.12.1, Python Version: 3.12.5, Platform: Linux-6.10.14-linuxkit-aarch64-with-glibc2.36
[2025-11-06T03:26:02.677+0000] {logging_mixin.py:190} INFO - [2025-11-06T03:26:02.677+0000] {connection.py:1196} INFO - Connecting to GLOBAL Snowflake domain
[2025-11-06T03:26:02.678+0000] {logging_mixin.py:190} INFO - [2025-11-06T03:26:02.678+0000] {connection.py:1277} INFO - This connection is in OCSP Fail Open Mode. TLS Certificates would be checked for validity and revocation status. Any other Certificate Revocation related exceptions or OCSP Responder failures would be disregarded in favor of connectivity.
[2025-11-06T03:26:03.018+0000] {processor.py:925} INFO - DAG(s) 'ETL_DAG' retrieved from /opt/airflow/dags/homework6_etl.py
[2025-11-06T03:26:03.066+0000] {logging_mixin.py:190} INFO - [2025-11-06T03:26:03.066+0000] {dag.py:3229} INFO - Sync 1 DAGs
[2025-11-06T03:26:03.074+0000] {logging_mixin.py:190} INFO - [2025-11-06T03:26:03.073+0000] {dag.py:4156} INFO - Setting next_dagrun for ETL_DAG to 2025-11-06 02:45:00+00:00, run_after=2025-11-07 02:45:00+00:00
[2025-11-06T03:26:03.082+0000] {processor.py:208} INFO - Processing /opt/airflow/dags/homework6_etl.py took 0.430 seconds
[2025-11-06T03:26:33.512+0000] {processor.py:186} INFO - Started process (PID=96000) to work on /opt/airflow/dags/homework6_etl.py
[2025-11-06T03:26:33.513+0000] {processor.py:914} INFO - Processing file /opt/airflow/dags/homework6_etl.py for tasks to queue
[2025-11-06T03:26:33.515+0000] {logging_mixin.py:190} INFO - [2025-11-06T03:26:33.514+0000] {dagbag.py:587} INFO - Filling up the DagBag from /opt/airflow/dags/homework6_etl.py
[2025-11-06T03:26:33.534+0000] {logging_mixin.py:190} INFO - [2025-11-06T03:26:33.534+0000] {base.py:84} INFO - Retrieving connection 'snowflake_conn'
[2025-11-06T03:26:33.535+0000] {logging_mixin.py:190} INFO - [2025-11-06T03:26:33.535+0000] {connection.py:413} INFO - Snowflake Connector for Python Version: 3.12.1, Python Version: 3.12.5, Platform: Linux-6.10.14-linuxkit-aarch64-with-glibc2.36
[2025-11-06T03:26:33.537+0000] {logging_mixin.py:190} INFO - [2025-11-06T03:26:33.537+0000] {connection.py:1196} INFO - Connecting to GLOBAL Snowflake domain
[2025-11-06T03:26:33.538+0000] {logging_mixin.py:190} INFO - [2025-11-06T03:26:33.538+0000] {connection.py:1277} INFO - This connection is in OCSP Fail Open Mode. TLS Certificates would be checked for validity and revocation status. Any other Certificate Revocation related exceptions or OCSP Responder failures would be disregarded in favor of connectivity.
[2025-11-06T03:26:33.943+0000] {processor.py:925} INFO - DAG(s) 'ETL_DAG' retrieved from /opt/airflow/dags/homework6_etl.py
[2025-11-06T03:26:34.010+0000] {logging_mixin.py:190} INFO - [2025-11-06T03:26:34.010+0000] {dag.py:3229} INFO - Sync 1 DAGs
[2025-11-06T03:26:34.020+0000] {logging_mixin.py:190} INFO - [2025-11-06T03:26:34.019+0000] {dag.py:4156} INFO - Setting next_dagrun for ETL_DAG to 2025-11-06 02:45:00+00:00, run_after=2025-11-07 02:45:00+00:00
[2025-11-06T03:26:34.028+0000] {processor.py:208} INFO - Processing /opt/airflow/dags/homework6_etl.py took 0.525 seconds
