[2025-11-25T08:29:14.181+0000] {local_task_job_runner.py:123} INFO - ::group::Pre task execution logs
[2025-11-25T08:29:14.187+0000] {taskinstance.py:2612} INFO - Dependencies all met for dep_context=non-requeueable deps ti=<TaskInstance: dbt_stock_analytics.dbt_run scheduled__2025-11-24T00:00:00+00:00 [queued]>
[2025-11-25T08:29:14.192+0000] {taskinstance.py:2612} INFO - Dependencies all met for dep_context=requeueable deps ti=<TaskInstance: dbt_stock_analytics.dbt_run scheduled__2025-11-24T00:00:00+00:00 [queued]>
[2025-11-25T08:29:14.192+0000] {taskinstance.py:2865} INFO - Starting attempt 1 of 1
[2025-11-25T08:29:14.203+0000] {taskinstance.py:2888} INFO - Executing <Task(BashOperator): dbt_run> on 2025-11-24 00:00:00+00:00
[2025-11-25T08:29:14.208+0000] {logging_mixin.py:190} WARNING - /home/***/.local/lib/python3.12/site-packages/***/task/task_runner/standard_task_runner.py:70 DeprecationWarning: This process (pid=831) is multi-threaded, use of fork() may lead to deadlocks in the child.
[2025-11-25T08:29:14.209+0000] {standard_task_runner.py:72} INFO - Started process 833 to run task
[2025-11-25T08:29:14.208+0000] {standard_task_runner.py:104} INFO - Running: ['***', 'tasks', 'run', 'dbt_stock_analytics', 'dbt_run', 'scheduled__2025-11-24T00:00:00+00:00', '--job-id', '258', '--raw', '--subdir', 'DAGS_FOLDER/dbt_stock_analytics_lab2.py', '--cfg-path', '/tmp/tmp9ntdu80l']
[2025-11-25T08:29:14.210+0000] {standard_task_runner.py:105} INFO - Job 258: Subtask dbt_run
[2025-11-25T08:29:14.240+0000] {task_command.py:467} INFO - Running <TaskInstance: dbt_stock_analytics.dbt_run scheduled__2025-11-24T00:00:00+00:00 [running]> on host 74a41e3f7b00
[2025-11-25T08:29:14.280+0000] {taskinstance.py:3131} INFO - Exporting env vars: AIRFLOW_CTX_DAG_OWNER='***' AIRFLOW_CTX_DAG_ID='dbt_stock_analytics' AIRFLOW_CTX_TASK_ID='dbt_run' AIRFLOW_CTX_EXECUTION_DATE='2025-11-24T00:00:00+00:00' AIRFLOW_CTX_TRY_NUMBER='1' AIRFLOW_CTX_DAG_RUN_ID='scheduled__2025-11-24T00:00:00+00:00'
[2025-11-25T08:29:14.281+0000] {taskinstance.py:731} INFO - ::endgroup::
[2025-11-25T08:29:14.291+0000] {subprocess.py:63} INFO - Tmp dir root location: /tmp
[2025-11-25T08:29:14.292+0000] {subprocess.py:75} INFO - Running command: ['/usr/bin/bash', '-c', 'cd /opt/***/dbt/stock_analytics && dbt run']
[2025-11-25T08:29:14.296+0000] {subprocess.py:86} INFO - Output:
[2025-11-25T08:29:14.298+0000] {subprocess.py:93} INFO - /usr/bin/bash: line 1: dbt: command not found
[2025-11-25T08:29:14.299+0000] {subprocess.py:97} INFO - Command exited with return code 127
[2025-11-25T08:29:14.304+0000] {taskinstance.py:3310} ERROR - Task failed with exception
Traceback (most recent call last):
  File "/home/airflow/.local/lib/python3.12/site-packages/airflow/models/taskinstance.py", line 767, in _execute_task
    result = _execute_callable(context=context, **execute_callable_kwargs)
             ^^^^^^^^^^^^^^^^^^^^^^^^^^^^^^^^^^^^^^^^^^^^^^^^^^^^^^^^^^^^^
  File "/home/airflow/.local/lib/python3.12/site-packages/airflow/models/taskinstance.py", line 733, in _execute_callable
    return ExecutionCallableRunner(
           ^^^^^^^^^^^^^^^^^^^^^^^^
  File "/home/airflow/.local/lib/python3.12/site-packages/airflow/utils/operator_helpers.py", line 252, in run
    return self.func(*args, **kwargs)
           ^^^^^^^^^^^^^^^^^^^^^^^^^^
  File "/home/airflow/.local/lib/python3.12/site-packages/airflow/models/baseoperator.py", line 406, in wrapper
    return func(self, *args, **kwargs)
           ^^^^^^^^^^^^^^^^^^^^^^^^^^^
  File "/home/airflow/.local/lib/python3.12/site-packages/airflow/operators/bash.py", line 249, in execute
    raise AirflowException(
airflow.exceptions.AirflowException: Bash command failed. The command returned a non-zero exit code 127.
[2025-11-25T08:29:14.307+0000] {taskinstance.py:1225} INFO - Marking task as FAILED. dag_id=dbt_stock_analytics, task_id=dbt_run, run_id=scheduled__2025-11-24T00:00:00+00:00, execution_date=20251124T000000, start_date=20251125T082914, end_date=20251125T082914
[2025-11-25T08:29:14.315+0000] {taskinstance.py:340} INFO - ::group::Post task execution logs
[2025-11-25T08:29:14.316+0000] {standard_task_runner.py:124} ERROR - Failed to execute job 258 for task dbt_run (Bash command failed. The command returned a non-zero exit code 127.; 833)
Traceback (most recent call last):
  File "/home/airflow/.local/lib/python3.12/site-packages/airflow/task/task_runner/standard_task_runner.py", line 117, in _start_by_fork
    ret = args.func(args, dag=self.dag)
          ^^^^^^^^^^^^^^^^^^^^^^^^^^^^^
  File "/home/airflow/.local/lib/python3.12/site-packages/airflow/cli/cli_config.py", line 49, in command
    return func(*args, **kwargs)
           ^^^^^^^^^^^^^^^^^^^^^
  File "/home/airflow/.local/lib/python3.12/site-packages/airflow/utils/cli.py", line 115, in wrapper
    return f(*args, **kwargs)
           ^^^^^^^^^^^^^^^^^^
  File "/home/airflow/.local/lib/python3.12/site-packages/airflow/cli/commands/task_command.py", line 483, in task_run
    task_return_code = _run_task_by_selected_method(args, _dag, ti)
                       ^^^^^^^^^^^^^^^^^^^^^^^^^^^^^^^^^^^^^^^^^^^^
  File "/home/airflow/.local/lib/python3.12/site-packages/airflow/cli/commands/task_command.py", line 256, in _run_task_by_selected_method
    return _run_raw_task(args, ti)
           ^^^^^^^^^^^^^^^^^^^^^^^
  File "/home/airflow/.local/lib/python3.12/site-packages/airflow/cli/commands/task_command.py", line 341, in _run_raw_task
    return ti._run_raw_task(
           ^^^^^^^^^^^^^^^^^
  File "/home/airflow/.local/lib/python3.12/site-packages/airflow/utils/session.py", line 97, in wrapper
    return func(*args, session=session, **kwargs)
           ^^^^^^^^^^^^^^^^^^^^^^^^^^^^^^^^^^^^^^
  File "/home/airflow/.local/lib/python3.12/site-packages/airflow/models/taskinstance.py", line 3004, in _run_raw_task
    return _run_raw_task(
           ^^^^^^^^^^^^^^
  File "/home/airflow/.local/lib/python3.12/site-packages/airflow/models/taskinstance.py", line 273, in _run_raw_task
    TaskInstance._execute_task_with_callbacks(
  File "/home/airflow/.local/lib/python3.12/site-packages/airflow/models/taskinstance.py", line 3158, in _execute_task_with_callbacks
    result = self._execute_task(context, task_orig)
             ^^^^^^^^^^^^^^^^^^^^^^^^^^^^^^^^^^^^^^
  File "/home/airflow/.local/lib/python3.12/site-packages/airflow/models/taskinstance.py", line 3182, in _execute_task
    return _execute_task(self, context, task_orig)
           ^^^^^^^^^^^^^^^^^^^^^^^^^^^^^^^^^^^^^^^
  File "/home/airflow/.local/lib/python3.12/site-packages/airflow/models/taskinstance.py", line 767, in _execute_task
    result = _execute_callable(context=context, **execute_callable_kwargs)
             ^^^^^^^^^^^^^^^^^^^^^^^^^^^^^^^^^^^^^^^^^^^^^^^^^^^^^^^^^^^^^
  File "/home/airflow/.local/lib/python3.12/site-packages/airflow/models/taskinstance.py", line 733, in _execute_callable
    return ExecutionCallableRunner(
           ^^^^^^^^^^^^^^^^^^^^^^^^
  File "/home/airflow/.local/lib/python3.12/site-packages/airflow/utils/operator_helpers.py", line 252, in run
    return self.func(*args, **kwargs)
           ^^^^^^^^^^^^^^^^^^^^^^^^^^
  File "/home/airflow/.local/lib/python3.12/site-packages/airflow/models/baseoperator.py", line 406, in wrapper
    return func(self, *args, **kwargs)
           ^^^^^^^^^^^^^^^^^^^^^^^^^^^
  File "/home/airflow/.local/lib/python3.12/site-packages/airflow/operators/bash.py", line 249, in execute
    raise AirflowException(
airflow.exceptions.AirflowException: Bash command failed. The command returned a non-zero exit code 127.
[2025-11-25T08:29:14.350+0000] {local_task_job_runner.py:266} INFO - Task exited with return code 1
[2025-11-25T08:29:14.359+0000] {taskinstance.py:3900} INFO - 0 downstream tasks scheduled from follow-on schedule check
[2025-11-25T08:29:14.360+0000] {local_task_job_runner.py:245} INFO - ::endgroup::
[2025-11-25T09:15:21.353+0000] {local_task_job_runner.py:123} INFO - ::group::Pre task execution logs
[2025-11-25T09:15:21.394+0000] {taskinstance.py:2612} INFO - Dependencies all met for dep_context=non-requeueable deps ti=<TaskInstance: dbt_stock_analytics.dbt_run scheduled__2025-11-24T00:00:00+00:00 [queued]>
[2025-11-25T09:15:21.402+0000] {taskinstance.py:2612} INFO - Dependencies all met for dep_context=requeueable deps ti=<TaskInstance: dbt_stock_analytics.dbt_run scheduled__2025-11-24T00:00:00+00:00 [queued]>
[2025-11-25T09:15:21.402+0000] {taskinstance.py:2865} INFO - Starting attempt 1 of 1
[2025-11-25T09:15:21.421+0000] {taskinstance.py:2888} INFO - Executing <Task(BashOperator): dbt_run> on 2025-11-24 00:00:00+00:00
[2025-11-25T09:15:21.428+0000] {standard_task_runner.py:104} INFO - Running: ['***', 'tasks', 'run', 'dbt_stock_analytics', 'dbt_run', 'scheduled__2025-11-24T00:00:00+00:00', '--job-id', '2', '--raw', '--subdir', 'DAGS_FOLDER/dbt_stock_analytics_lab2.py', '--cfg-path', '/tmp/tmpsraj0u3u']
[2025-11-25T09:15:21.430+0000] {standard_task_runner.py:105} INFO - Job 2: Subtask dbt_run
[2025-11-25T09:15:21.430+0000] {logging_mixin.py:190} WARNING - /home/***/.local/lib/python3.12/site-packages/***/task/task_runner/standard_task_runner.py:70 DeprecationWarning: This process (pid=1204) is multi-threaded, use of fork() may lead to deadlocks in the child.
[2025-11-25T09:15:21.431+0000] {standard_task_runner.py:72} INFO - Started process 1211 to run task
[2025-11-25T09:15:21.539+0000] {task_command.py:467} INFO - Running <TaskInstance: dbt_stock_analytics.dbt_run scheduled__2025-11-24T00:00:00+00:00 [running]> on host 42ac9fe1c2d2
[2025-11-25T09:15:21.695+0000] {taskinstance.py:3131} INFO - Exporting env vars: AIRFLOW_CTX_DAG_OWNER='***' AIRFLOW_CTX_DAG_ID='dbt_stock_analytics' AIRFLOW_CTX_TASK_ID='dbt_run' AIRFLOW_CTX_EXECUTION_DATE='2025-11-24T00:00:00+00:00' AIRFLOW_CTX_TRY_NUMBER='1' AIRFLOW_CTX_DAG_RUN_ID='scheduled__2025-11-24T00:00:00+00:00'
[2025-11-25T09:15:21.695+0000] {taskinstance.py:731} INFO - ::endgroup::
[2025-11-25T09:15:21.706+0000] {subprocess.py:63} INFO - Tmp dir root location: /tmp
[2025-11-25T09:15:21.706+0000] {subprocess.py:75} INFO - Running command: ['/usr/bin/bash', '-c', 'cd /opt/***/dbt/stock_analytics && dbt run']
[2025-11-25T09:15:21.711+0000] {subprocess.py:86} INFO - Output:
[2025-11-25T09:15:23.453+0000] {subprocess.py:93} INFO - [0m09:15:23  Running with dbt=1.8.8
[2025-11-25T09:15:24.532+0000] {subprocess.py:93} INFO - [0m09:15:24  Registered adapter: snowflake=1.8.4
[2025-11-25T09:15:24.635+0000] {subprocess.py:93} INFO - [0m09:15:24  Unable to do partial parsing because of a version mismatch
[2025-11-25T09:15:25.426+0000] {subprocess.py:93} INFO - [0m09:15:25  [[33mWARNING[0m]: Deprecated functionality
[2025-11-25T09:15:25.427+0000] {subprocess.py:93} INFO - The `tests` config has been renamed to `data_tests`. Please see
[2025-11-25T09:15:25.427+0000] {subprocess.py:93} INFO - https://docs.getdbt.com/docs/build/data-tests#new-data_tests-syntax for more
[2025-11-25T09:15:25.427+0000] {subprocess.py:93} INFO - information.
[2025-11-25T09:15:25.784+0000] {subprocess.py:93} INFO - [0m09:15:25  Found 2 models, 1 snapshot, 8 data tests, 1 source, 455 macros
[2025-11-25T09:15:25.787+0000] {subprocess.py:93} INFO - [0m09:15:25
[2025-11-25T09:15:27.872+0000] {subprocess.py:93} INFO - [0m09:15:27  Concurrency: 4 threads (target='dev')
[2025-11-25T09:15:27.878+0000] {subprocess.py:93} INFO - [0m09:15:27
[2025-11-25T09:15:27.884+0000] {subprocess.py:93} INFO - [0m09:15:27  1 of 2 START sql view model ANALYTICS.stg_stock_data ........................... [RUN]
[2025-11-25T09:15:28.805+0000] {subprocess.py:93} INFO - [0m09:15:28  1 of 2 OK created sql view model ANALYTICS.stg_stock_data ...................... [[32mSUCCESS 1[0m in 0.92s]
[2025-11-25T09:15:28.810+0000] {subprocess.py:93} INFO - [0m09:15:28  2 of 2 START sql view model ANALYTICS.fct_stock_metrics ........................ [RUN]
[2025-11-25T09:15:29.714+0000] {subprocess.py:93} INFO - [0m09:15:29  2 of 2 OK created sql view model ANALYTICS.fct_stock_metrics ................... [[32mSUCCESS 1[0m in 0.90s]
[2025-11-25T09:15:29.721+0000] {subprocess.py:93} INFO - [0m09:15:29
[2025-11-25T09:15:29.722+0000] {subprocess.py:93} INFO - [0m09:15:29  Finished running 2 view models in 0 hours 0 minutes and 3.93 seconds (3.93s).
[2025-11-25T09:15:29.758+0000] {subprocess.py:93} INFO - [0m09:15:29
[2025-11-25T09:15:29.758+0000] {subprocess.py:93} INFO - [0m09:15:29  [32mCompleted successfully[0m
[2025-11-25T09:15:29.758+0000] {subprocess.py:93} INFO - [0m09:15:29
[2025-11-25T09:15:29.759+0000] {subprocess.py:93} INFO - [0m09:15:29  Done. PASS=2 WARN=0 ERROR=0 SKIP=0 TOTAL=2
[2025-11-25T09:15:30.510+0000] {subprocess.py:97} INFO - Command exited with return code 0
[2025-11-25T09:15:30.597+0000] {taskinstance.py:340} INFO - ::group::Post task execution logs
[2025-11-25T09:15:30.597+0000] {taskinstance.py:352} INFO - Marking task as SUCCESS. dag_id=dbt_stock_analytics, task_id=dbt_run, run_id=scheduled__2025-11-24T00:00:00+00:00, execution_date=20251124T000000, start_date=20251125T091521, end_date=20251125T091530
[2025-11-25T09:15:30.642+0000] {local_task_job_runner.py:266} INFO - Task exited with return code 0
[2025-11-25T09:15:30.701+0000] {taskinstance.py:3900} INFO - 1 downstream tasks scheduled from follow-on schedule check
[2025-11-25T09:15:30.702+0000] {local_task_job_runner.py:245} INFO - ::endgroup::
